number,value,datetime_start,datetime_complete,duration,params_bagging_temperature,params_border_count,params_depth,params_iterations,params_l2_leaf_reg,params_learning_rate,params_random_strength,state
0,0.7664369090082225,2026-05-15 00:41:56.604395,2026-05-15 00:41:57.261199,0 days 00:00:00.656804,0.15601864044243652,45,9,500,0.24810409748678114,0.17254716573280354,0.004207053950287938,COMPLETE
1,0.7726181936330265,2026-05-15 00:41:57.261567,2026-05-15 00:41:57.837608,0 days 00:00:00.576041,0.9699098521619943,79,8,893,0.0012087541473056963,0.06054365855469249,2.136832907235876,COMPLETE
2,0.7967055580558586,2026-05-15 00:41:57.837859,2026-05-15 00:41:58.457045,0 days 00:00:00.619186,0.43194501864211576,169,6,345,0.12561043700013563,0.017322667470546258,0.014618962793704969,COMPLETE
3,0.7977178266472917,2026-05-15 00:41:58.457265,2026-05-15 00:41:59.002374,0 days 00:00:00.545109,0.7851759613930136,147,6,311,0.06672367170464209,0.023993242906812717,0.006290644294586149,COMPLETE
4,0.7828739360790282,2026-05-15 00:41:59.002607,2026-05-15 00:42:00.513303,0 days 00:00:01.510696,0.06505159298527952,248,8,674,0.004809461967501573,0.011492999300221412,6.24513957474307,COMPLETE
5,0.8060838593808515,2026-05-15 00:42:00.513522,2026-05-15 00:42:01.357136,0 days 00:00:00.843614,0.4401524937396013,142,4,847,0.5456725485601478,0.02490643969382439,0.003077180271250686,COMPLETE
6,0.8015112955196193,2026-05-15 00:42:01.357417,2026-05-15 00:42:01.719744,0 days 00:00:00.362327,0.31171107608941095,154,5,227,0.44677528179739073,0.15242391728466365,0.12030178871154672,COMPLETE
7,0.7923149286358907,2026-05-15 00:42:01.719976,2026-05-15 00:42:02.522627,0 days 00:00:00.802651,0.8948273504276488,238,9,348,5.727904470799624,0.18258230439200232,0.24637685958997463,COMPLETE
8,0.8000516877990821,2026-05-15 00:42:02.522851,2026-05-15 00:42:03.277495,0 days 00:00:00.754644,0.388677289689482,217,4,270,0.02001342062287998,0.017987863473362915,0.01217295809836997,COMPLETE
9,0.764554755301128,2026-05-15 00:42:03.277747,2026-05-15 00:42:03.966454,0 days 00:00:00.688707,0.8021969807540397,253,7,485,0.003661819220392431,0.023200867504756816,0.0019870215385428634,COMPLETE
10,0.8074039171276224,2026-05-15 00:42:03.966708,2026-05-15 00:42:04.614487,0 days 00:00:00.647779,0.6400885024675562,105,4,982,3.033713464539809,0.053343533692271954,0.042239176219265706,COMPLETE
11,0.8071999049832327,2026-05-15 00:42:04.614715,2026-05-15 00:42:05.254123,0 days 00:00:00.639408,0.617454472993021,97,4,985,2.7271326003577623,0.05156911709595948,0.052166826535988815,COMPLETE
12,0.8081615247263191,2026-05-15 00:42:05.254343,2026-05-15 00:42:05.851434,0 days 00:00:00.597091,0.6525898752936657,97,4,996,9.821464149160903,0.05896703079158267,0.03551213771944444,COMPLETE
13,0.8040035966585455,2026-05-15 00:42:05.851660,2026-05-15 00:42:06.276054,0 days 00:00:00.424394,0.6913412129037293,108,5,752,9.259024479770856,0.10091557450479287,0.04118307566698297,COMPLETE
14,0.8034574391470025,2026-05-15 00:42:06.276298,2026-05-15 00:42:06.808941,0 days 00:00:00.532643,0.5908077985215608,51,5,993,1.4649682502152033,0.07589003839807723,0.45042834710787105,COMPLETE
15,0.7987936129086796,2026-05-15 00:42:06.809171,2026-05-15 00:42:07.336196,0 days 00:00:00.527025,0.5643420077093966,119,6,844,1.707120343469245,0.036941203112995966,0.027099484557163656,COMPLETE
16,0.8086458174440774,2026-05-15 00:42:07.336410,2026-05-15 00:42:08.068532,0 days 00:00:00.732122,0.7169516868415448,80,4,724,8.768149760791598,0.037187613431510724,0.0011137466265017546,COMPLETE
17,0.7961798253712715,2026-05-15 00:42:08.068756,2026-05-15 00:42:09.238364,0 days 00:00:01.169608,0.7533048465596078,69,10,640,9.936922883949954,0.03921492818677457,0.0010446251525877421,COMPLETE
18,0.8078965922888132,2026-05-15 00:42:09.238596,2026-05-15 00:42:09.691867,0 days 00:00:00.453271,0.8773884589317082,34,5,503,0.9124405260910049,0.09869002404266922,0.8088332704222068,COMPLETE
19,0.7812352274192321,2026-05-15 00:42:09.692109,2026-05-15 00:42:10.360064,0 days 00:00:00.667955,0.5074917641393567,178,7,742,0.0282838494795032,0.03443606448194322,0.14467053264901533,COMPLETE
20,0.806996483151761,2026-05-15 00:42:10.360309,2026-05-15 00:42:10.846853,0 days 00:00:00.486544,0.23769698766109754,72,4,774,3.47476641192455,0.0746963582508658,0.0010077121528220072,COMPLETE
21,0.8045534141101788,2026-05-15 00:42:10.847071,2026-05-15 00:42:11.305967,0 days 00:00:00.458896,0.8933330583510521,40,5,497,0.8000643371576887,0.11620563962635314,0.7367922377951359,COMPLETE
22,0.803298644972116,2026-05-15 00:42:11.306191,2026-05-15 00:42:11.867727,0 days 00:00:00.561536,0.9971980231691266,61,5,575,1.2027250468635757,0.09024672293086546,1.7071912652296168,COMPLETE
23,0.8057071216767154,2026-05-15 00:42:11.867959,2026-05-15 00:42:12.553697,0 days 00:00:00.685738,0.721911054502845,34,4,419,4.459452487983759,0.13603482017530313,5.85143440908987,COMPLETE
24,0.8002468452497047,2026-05-15 00:42:12.553921,2026-05-15 00:42:13.099754,0 days 00:00:00.545833,0.8741516408421189,91,6,557,0.24444361636070627,0.06850672440792449,0.955656150118126,COMPLETE
25,0.8067121884505514,2026-05-15 00:42:13.100012,2026-05-15 00:42:13.792365,0 days 00:00:00.692353,0.8328387865516105,124,5,678,6.6700180072521,0.031371647918728235,0.23226944777908481,COMPLETE
26,0.8069254094764586,2026-05-15 00:42:13.792588,2026-05-15 00:42:14.396071,0 days 00:00:00.603483,0.6734375230416061,86,4,424,2.002939817922014,0.04705275543599062,0.013372501428914574,COMPLETE
27,0.8007296031538766,2026-05-15 00:42:14.396341,2026-05-15 00:42:14.791722,0 days 00:00:00.395381,0.5300846903364325,58,5,924,0.9552791813982003,0.09056060481392769,0.07932243651121465,COMPLETE
28,0.8039342939219964,2026-05-15 00:42:14.791946,2026-05-15 00:42:15.415617,0 days 00:00:00.623671,0.9299659947535263,130,6,817,0.3167160890975256,0.061609885289022344,1.9119115756263045,COMPLETE
29,0.8049782032858234,2026-05-15 00:42:15.415849,2026-05-15 00:42:15.820333,0 days 00:00:00.404484,0.7419048274947364,49,4,637,0.1703058761289881,0.1295230738953832,0.004485009178086933,COMPLETE
30,0.7999520429785585,2026-05-15 00:42:15.820552,2026-05-15 00:42:16.346713,0 days 00:00:00.526161,0.8182137813988873,36,5,434,0.070450314654144,0.04361822723172777,0.420965085941273,COMPLETE
31,0.8086159476104369,2026-05-15 00:42:16.346944,2026-05-15 00:42:17.036854,0 days 00:00:00.689910,0.6457610061846039,104,4,935,3.3072442764230345,0.05245581658301737,0.026979987468263685,COMPLETE
32,0.8081158345064818,2026-05-15 00:42:17.037082,2026-05-15 00:42:17.609784,0 days 00:00:00.572702,0.6758011708053525,81,4,902,4.945284929973566,0.0596059016869929,0.026777552009973546,COMPLETE
33,0.8077589313163835,2026-05-15 00:42:17.610032,2026-05-15 00:42:18.446509,0 days 00:00:00.836477,0.6292870160739885,77,4,910,5.292899852427535,0.029384943564780344,0.02285188185440608,COMPLETE
34,0.8074145427601427,2026-05-15 00:42:18.446733,2026-05-15 00:42:18.993635,0 days 00:00:00.546902,0.6849202119017148,106,4,938,9.591180542332994,0.06126001215179121,0.0073872024035897595,COMPLETE
35,0.7983499337196656,2026-05-15 00:42:18.993879,2026-05-15 00:42:19.614569,0 days 00:00:00.620690,0.47894762234600013,85,8,881,2.6016375516089822,0.04654184251641829,0.00893921936832294,COMPLETE
36,0.8053354606636722,2026-05-15 00:42:19.614794,2026-05-15 00:42:20.196014,0 days 00:00:00.581220,0.5622568956465666,112,4,794,4.574030642718953,0.05765936725352882,0.0022771687470312923,COMPLETE
37,0.8016043288354637,2026-05-15 00:42:20.196242,2026-05-15 00:42:20.743382,0 days 00:00:00.547140,0.3553872142362664,135,6,861,6.231872189479402,0.042553662207243194,0.02553704180287592,COMPLETE
38,0.798930211317857,2026-05-15 00:42:20.743626,2026-05-15 00:42:22.624208,0 days 00:00:01.880582,0.0233875359670363,166,7,948,2.2777746581027274,0.011500546201293888,0.06103880478708763,COMPLETE
39,0.8082686074896069,2026-05-15 00:42:22.624440,2026-05-15 00:42:23.300057,0 days 00:00:00.675617,0.4628201888614958,97,4,700,3.8062355996194346,0.0756601307012917,0.00539514028039564,COMPLETE
40,0.7781535578631805,2026-05-15 00:42:23.302101,2026-05-15 00:42:25.171395,0 days 00:00:01.869294,0.24351455447877185,98,9,706,0.5250246021957965,0.026369188038089127,0.004236143912261795,COMPLETE
41,0.8087001262325144,2026-05-15 00:42:25.172062,2026-05-15 00:42:25.706347,0 days 00:00:00.534285,0.6424222998382222,69,4,899,4.326173555866765,0.07751106059121869,0.017824706823968917,COMPLETE
42,0.8062928301537505,2026-05-15 00:42:25.706584,2026-05-15 00:42:26.203588,0 days 00:00:00.497004,0.45960290473591386,63,4,826,3.5384073643377647,0.07572780931292997,0.0017095185705553824,COMPLETE
43,0.8077470069954442,2026-05-15 00:42:26.203815,2026-05-15 00:42:26.724956,0 days 00:00:00.521141,0.43072641940064454,94,4,717,7.209487873512975,0.0841390205071378,0.01645163846836629,COMPLETE
44,0.8042759670388157,2026-05-15 00:42:26.725256,2026-05-15 00:42:27.172407,0 days 00:00:00.447151,0.5320574443882754,118,5,951,1.5465922004153323,0.04935885088431777,0.009143564818082065,COMPLETE
45,0.8015160180229618,2026-05-15 00:42:27.172634,2026-05-15 00:42:27.825215,0 days 00:00:00.652581,0.5857926674877614,153,4,999,0.002434125048141151,0.021185472459962246,0.00582727956675747,COMPLETE
46,0.80287314742097,2026-05-15 00:42:27.825446,2026-05-15 00:42:28.250517,0 days 00:00:00.425071,0.7553763871021518,102,5,873,0.01567946035044858,0.07006540023385342,0.014424061202541052,COMPLETE
47,0.8084239778495703,2026-05-15 00:42:28.250760,2026-05-15 00:42:28.727522,0 days 00:00:00.476762,0.6252832215497302,198,4,791,3.6113935634692527,0.1082158857780664,0.002931515959255537,COMPLETE
48,0.8068804276321228,2026-05-15 00:42:28.727780,2026-05-15 00:42:29.203791,0 days 00:00:00.476011,0.4132830227775465,203,4,768,2.7809338151226166,0.15268609556092536,0.0030247218116164604,COMPLETE
49,0.7982676440989251,2026-05-15 00:42:29.204021,2026-05-15 00:42:29.583537,0 days 00:00:00.379516,0.6146979607441165,225,5,803,0.0010134446798603573,0.11125533463989218,0.0023776595993009173,COMPLETE
