number,value,datetime_start,datetime_complete,duration,params_bagging_temperature,params_border_count,params_depth,params_iterations,params_l2_leaf_reg,params_learning_rate,params_random_strength,state
0,0.8427179394615646,2026-05-15 02:20:42.213328,2026-05-15 02:20:42.795251,0 days 00:00:00.581923,0.15601864044243652,45,9,500,0.24810409748678114,0.17254716573280354,0.004207053950287938,COMPLETE
1,0.8441452528633783,2026-05-15 02:20:42.795540,2026-05-15 02:20:43.378331,0 days 00:00:00.582791,0.9699098521619943,79,8,893,0.0012087541473056963,0.06054365855469249,2.136832907235876,COMPLETE
2,0.8560478952665376,2026-05-15 02:20:43.378593,2026-05-15 02:20:44.483187,0 days 00:00:01.104594,0.43194501864211576,169,6,345,0.12561043700013563,0.017322667470546258,0.014618962793704969,COMPLETE
3,0.8565265607736318,2026-05-15 02:20:44.483431,2026-05-15 02:20:45.325457,0 days 00:00:00.842026,0.7851759613930136,147,6,311,0.06672367170464209,0.023993242906812717,0.006290644294586149,COMPLETE
4,0.8415024394779735,2026-05-15 02:20:45.325676,2026-05-15 02:20:47.580719,0 days 00:00:02.255043,0.06505159298527952,248,8,674,0.004809461967501573,0.011492999300221412,6.24513957474307,COMPLETE
5,0.8580662077603843,2026-05-15 02:20:47.580949,2026-05-15 02:20:48.865293,0 days 00:00:01.284344,0.4401524937396013,142,4,847,0.5456725485601478,0.02490643969382439,0.003077180271250686,COMPLETE
6,0.8547449487490838,2026-05-15 02:20:48.865519,2026-05-15 02:20:49.327451,0 days 00:00:00.461932,0.31171107608941095,154,5,227,0.44677528179739073,0.15242391728466365,0.12030178871154672,COMPLETE
7,0.8514139126820037,2026-05-15 02:20:49.327679,2026-05-15 02:20:50.204489,0 days 00:00:00.876810,0.8948273504276488,238,9,348,5.727904470799624,0.18258230439200232,0.24637685958997463,COMPLETE
8,0.8568218552065898,2026-05-15 02:20:50.204707,2026-05-15 02:20:51.508096,0 days 00:00:01.303389,0.388677289689482,217,4,270,0.02001342062287998,0.017987863473362915,0.01217295809836997,COMPLETE
9,0.8376314774703816,2026-05-15 02:20:51.508322,2026-05-15 02:20:52.350512,0 days 00:00:00.842190,0.8021969807540397,253,7,485,0.003661819220392431,0.023200867504756816,0.0019870215385428634,COMPLETE
10,0.8585333869362126,2026-05-15 02:20:52.350738,2026-05-15 02:20:53.190333,0 days 00:00:00.839595,0.6400885024675562,105,4,982,3.033713464539809,0.053343533692271954,0.042239176219265706,COMPLETE
11,0.8584710325664838,2026-05-15 02:20:53.190560,2026-05-15 02:20:53.981149,0 days 00:00:00.790589,0.617454472993021,97,4,985,2.7271326003577623,0.05156911709595948,0.052166826535988815,COMPLETE
12,0.8585519154824806,2026-05-15 02:20:53.981385,2026-05-15 02:20:54.695306,0 days 00:00:00.713921,0.6525898752936657,97,4,996,9.821464149160903,0.05896703079158267,0.03551213771944444,COMPLETE
13,0.8575653900429918,2026-05-15 02:20:54.695529,2026-05-15 02:20:55.160139,0 days 00:00:00.464610,0.6913412129037293,108,5,752,9.259024479770856,0.10091557450479287,0.04118307566698297,COMPLETE
14,0.8589600904685329,2026-05-15 02:20:55.160379,2026-05-15 02:20:55.759862,0 days 00:00:00.599483,0.5908077985215608,51,5,993,1.4649682502152033,0.07589003839807723,0.45042834710787105,COMPLETE
15,0.8597464939341232,2026-05-15 02:20:55.760097,2026-05-15 02:20:56.301484,0 days 00:00:00.541387,0.5236869196420915,37,5,823,1.4054120965402346,0.08903012950316426,0.5579812329080549,COMPLETE
16,0.8556510014986927,2026-05-15 02:20:56.301710,2026-05-15 02:20:56.810872,0 days 00:00:00.509162,0.266525898201904,34,6,830,1.0811808531187468,0.10660290908929818,0.6023449723788307,COMPLETE
17,0.8583094034765295,2026-05-15 02:20:56.811106,2026-05-15 02:20:57.465128,0 days 00:00:00.654022,0.5209104076216468,61,5,731,1.5346439219996892,0.08526844184926073,0.8484640244158705,COMPLETE
18,0.8495527167908284,2026-05-15 02:20:57.465364,2026-05-15 02:20:58.492416,0 days 00:00:01.027052,0.5315864914265246,63,7,588,0.0867685304004013,0.03651323960052657,7.723460393679794,COMPLETE
19,0.8500871046787656,2026-05-15 02:20:58.492642,2026-05-15 02:20:59.861152,0 days 00:00:01.368510,0.26914670887944914,190,10,893,0.8703617253913869,0.03702917556373974,0.37272602897396717,COMPLETE
20,0.855830201940643,2026-05-15 02:20:59.861369,2026-05-15 02:21:00.527048,0 days 00:00:00.665679,0.7701899584816609,33,5,799,0.027715121576007008,0.08175239522365661,1.7572283038510697,COMPLETE
21,0.8579517546738429,2026-05-15 02:21:00.527273,2026-05-15 02:21:01.162920,0 days 00:00:00.635647,0.5842851502597326,78,5,993,4.287705194421426,0.06928782512872882,0.10183469133522599,COMPLETE
22,0.854889895310295,2026-05-15 02:21:01.163133,2026-05-15 02:21:01.937334,0 days 00:00:00.774201,0.6604154608056299,120,6,916,1.773634409449318,0.12673775766682774,0.20902146985913395,COMPLETE
23,0.858104632273309,2026-05-15 02:21:01.937570,2026-05-15 02:21:03.017749,0 days 00:00:01.080179,0.721911054502845,56,4,926,9.798170606646936,0.07817330203218767,1.5059863513309546,COMPLETE
24,0.8583638951790228,2026-05-15 02:21:03.018060,2026-05-15 02:21:04.002933,0 days 00:00:00.984873,0.5533636029557192,83,5,644,0.2594442163669746,0.04254576171666571,0.020883584852723146,COMPLETE
25,0.8560191110673536,2026-05-15 02:21:04.003206,2026-05-15 02:21:05.029546,0 days 00:00:01.026340,0.47063092241823423,124,6,784,4.919404769411926,0.10559749959384908,3.5272084021281462,COMPLETE
26,0.8583063951516743,2026-05-15 02:21:05.029856,2026-05-15 02:21:05.947416,0 days 00:00:00.917560,0.3606445241280038,52,4,943,1.9001272114358199,0.06337812237458258,0.814610895809603,COMPLETE
27,0.8570079611215036,2026-05-15 02:21:05.947658,2026-05-15 02:21:06.443758,0 days 00:00:00.496100,0.725161549699414,74,5,849,0.6106527073108615,0.12734313406162723,0.3797887583825329,COMPLETE
28,0.8580376970452781,2026-05-15 02:21:06.443991,2026-05-15 02:21:07.301193,0 days 00:00:00.857202,0.8450536905640713,96,4,871,0.32505804153560497,0.03164315552465701,0.13562420336924885,COMPLETE
29,0.8546361704571559,2026-05-15 02:21:07.301420,2026-05-15 02:21:07.868061,0 days 00:00:00.566641,0.12342092511977298,46,7,512,0.1347469306883726,0.048496172566047026,0.06431932356999313,COMPLETE
30,0.8501510315819413,2026-05-15 02:21:07.868298,2026-05-15 02:21:08.303857,0 days 00:00:00.435559,0.5850857275182608,41,8,1000,1.0077372303448233,0.12743365470450332,0.001002417059933001,COMPLETE
31,0.8574545606204806,2026-05-15 02:21:08.304097,2026-05-15 02:21:09.025900,0 days 00:00:00.721803,0.6409514159174631,93,4,960,3.2417388217544154,0.055917002828090936,0.026979987468263685,COMPLETE
32,0.858207667399604,2026-05-15 02:21:09.026132,2026-05-15 02:21:09.674611,0 days 00:00:00.648479,0.5086908870385349,126,4,938,6.7459386884139025,0.07015465440038483,0.07468891879125798,COMPLETE
33,0.8586319779462439,2026-05-15 02:21:09.674851,2026-05-15 02:21:10.360589,0 days 00:00:00.685738,0.9465419492444492,67,5,891,2.8237513700491674,0.057861712616355816,0.008253133183354463,COMPLETE
34,0.8553628860227757,2026-05-15 02:21:10.360823,2026-05-15 02:21:10.836610,0 days 00:00:00.475787,0.9869645345201257,66,6,895,2.2020760106283017,0.09022847981982295,0.009257294331528818,COMPLETE
35,0.8575956784046033,2026-05-15 02:21:10.836849,2026-05-15 02:21:11.399865,0 days 00:00:00.563016,0.9358720958537223,49,5,794,0.17269779256002474,0.06967890649270345,0.006977804884680562,COMPLETE
36,0.8569912785927604,2026-05-15 02:21:11.400089,2026-05-15 02:21:12.078924,0 days 00:00:00.678835,0.8323262730614808,84,6,716,1.2677895128998178,0.04238150705517717,0.004765594585533127,COMPLETE
37,0.857349542734622,2026-05-15 02:21:12.079164,2026-05-15 02:21:12.739793,0 days 00:00:00.660629,0.4109280191855124,68,5,834,4.440770097661782,0.057431351971985935,0.02609463023429891,COMPLETE
38,0.8556316525001915,2026-05-15 02:21:12.740053,2026-05-15 02:21:13.562541,0 days 00:00:00.822488,0.8701843425869177,32,6,882,0.7088332045908119,0.030153855426664707,0.18355911166512126,COMPLETE
39,0.8579661809589446,2026-05-15 02:21:13.562769,2026-05-15 02:21:16.829202,0 days 00:00:03.266433,0.7535574303683681,46,5,685,9.966903764181527,0.01049713127632179,2.9495872275824517,COMPLETE
40,0.8484972733637447,2026-05-15 02:21:16.829430,2026-05-15 02:21:17.372790,0 days 00:00:00.543360,0.4611027169071431,167,8,951,0.04244146242814266,0.09456709844699832,0.015858538337100495,COMPLETE
41,0.858365330970431,2026-05-15 02:21:17.373042,2026-05-15 02:21:18.061760,0 days 00:00:00.688718,0.6580982476506376,104,4,970,3.4707219785079375,0.06127565466167369,0.03320371944228071,COMPLETE
42,0.8596296478619014,2026-05-15 02:21:18.061988,2026-05-15 02:21:19.054345,0 days 00:00:00.992357,0.5995982882170579,109,4,916,2.679278451475209,0.04978732649959145,0.45419150885448256,COMPLETE
43,0.8586013477295351,2026-05-15 02:21:19.054568,2026-05-15 02:21:19.679308,0 days 00:00:00.624740,0.5830228995437822,133,4,909,6.267856549328572,0.07545153420445257,0.35624981898386254,COMPLETE
44,0.8575375630380799,2026-05-15 02:21:19.679541,2026-05-15 02:21:20.159462,0 days 00:00:00.479921,0.34080121137392805,143,5,911,2.1074219581892693,0.19918126098793368,0.440698318281899,COMPLETE
45,0.8580066566024527,2026-05-15 02:21:20.159715,2026-05-15 02:21:21.207772,0 days 00:00:01.048057,0.004069232418913271,137,4,849,0.38293818435299204,0.045512439429726985,1.293151769403089,COMPLETE
46,0.8579377386148579,2026-05-15 02:21:21.207995,2026-05-15 02:21:21.858512,0 days 00:00:00.650517,0.2089211423656041,158,4,421,0.0014777880758638662,0.07067218992948976,0.27562042637288736,COMPLETE
47,0.857260660409351,2026-05-15 02:21:21.858751,2026-05-15 02:21:22.366634,0 days 00:00:00.507883,0.5957954567272136,115,5,769,5.962439077654959,0.15055688308379264,0.8663079833324718,COMPLETE
48,0.8592013034251146,2026-05-15 02:21:22.366858,2026-05-15 02:21:23.015510,0 days 00:00:00.648652,0.9359862419928603,132,4,813,0.012339555238778263,0.07764505107086087,0.6637601441906819,COMPLETE
49,0.8558707459551704,2026-05-15 02:21:23.015760,2026-05-15 02:21:24.994639,0 days 00:00:01.978879,0.9395362287796416,89,6,826,0.010689528856967079,0.014245268455895747,4.603571635478655,COMPLETE
50,0.8553837391837047,2026-05-15 02:21:24.994875,2026-05-15 02:21:25.401128,0 days 00:00:00.406253,0.8897453547909656,75,5,623,0.0029191459665515707,0.11508286529609506,0.14112802635897442,COMPLETE
51,0.8588082384343584,2026-05-15 02:21:25.401365,2026-05-15 02:21:26.146496,0 days 00:00:00.745131,0.5541836020048203,132,4,881,2.6325285847539517,0.07751299812101818,0.5794780169682232,COMPLETE
52,0.8585887674619583,2026-05-15 02:21:26.146735,2026-05-15 02:21:26.696568,0 days 00:00:00.549833,0.4824955650526096,155,4,864,0.007956347636070438,0.08734555944471777,0.7069318759118647,COMPLETE
53,0.8585675724459323,2026-05-15 02:21:26.696801,2026-05-15 02:21:27.446671,0 days 00:00:00.749870,0.9395620068091378,180,5,816,0.5438308902843384,0.052605584356465306,0.5692303326555259,COMPLETE
54,0.8581715675013402,2026-05-15 02:21:27.446902,2026-05-15 02:21:28.031526,0 days 00:00:00.584624,0.5442923700436259,58,4,738,1.4190157189124935,0.07759844243872767,0.25028638176729395,COMPLETE
55,0.8569214034108934,2026-05-15 02:21:28.031772,2026-05-15 02:21:28.661145,0 days 00:00:00.629373,0.4303739716655637,112,5,700,0.05008720990395553,0.0625788778276052,1.130432654122745,COMPLETE
56,0.859052869941912,2026-05-15 02:21:28.661368,2026-05-15 02:21:29.321407,0 days 00:00:00.660039,0.6909864700031411,208,4,878,0.8883373413942889,0.09684175955779797,1.0880931258637603,COMPLETE
57,0.8577376850119786,2026-05-15 02:21:29.321637,2026-05-15 02:21:30.040673,0 days 00:00:00.719036,0.6998964168946613,209,4,759,0.8893885944159545,0.099792904715257,2.4306039867191296,COMPLETE
58,0.8588087170314944,2026-05-15 02:21:30.040911,2026-05-15 02:21:30.637924,0 days 00:00:00.597013,0.5551174864191826,235,4,554,0.21054391623953272,0.1152253377277793,0.5361168251766346,COMPLETE
59,0.8586428489383348,2026-05-15 02:21:30.638157,2026-05-15 02:21:31.280685,0 days 00:00:00.642528,0.6236842157938567,217,4,527,0.09424345163779922,0.14100621944528907,2.001271086076927,COMPLETE
60,0.856200499381926,2026-05-15 02:21:31.280908,2026-05-15 02:21:31.762763,0 days 00:00:00.481855,0.6835930687982537,241,4,573,0.016104896584232024,0.16989258909084198,1.1480459888606875,COMPLETE
61,0.858707801406802,2026-05-15 02:21:31.762989,2026-05-15 02:21:32.309478,0 days 00:00:00.546489,0.557234600564035,203,4,543,0.26139457909109404,0.11126605911955162,0.49711890734672015,COMPLETE
62,0.8581031964819008,2026-05-15 02:21:32.309716,2026-05-15 02:21:32.928395,0 days 00:00:00.618679,0.5143018027661387,226,4,470,1.3772767157707972,0.09340589051827068,0.31976383530840696,COMPLETE
63,0.8585489755286448,2026-05-15 02:21:32.928636,2026-05-15 02:21:33.471873,0 days 00:00:00.543237,0.6126057020531028,249,4,932,0.6952060341825945,0.11922141380618058,0.6080948354725313,COMPLETE
64,0.840788509292989,2026-05-15 02:21:33.472103,2026-05-15 02:21:34.475637,0 days 00:00:01.003534,0.5606282504031375,233,10,652,0.18645778714478503,0.1013652633085669,0.9701248787756206,COMPLETE
65,0.8583870729546126,2026-05-15 02:21:34.475855,2026-05-15 02:21:35.046054,0 days 00:00:00.570199,0.7949923814155958,188,4,806,2.2519066267705306,0.08658042838679778,0.18591459373764,COMPLETE
66,0.858162679268813,2026-05-15 02:21:35.046292,2026-05-15 02:21:35.849989,0 days 00:00:00.803697,0.48430616509354285,148,4,414,0.4575150246002988,0.08035079560560066,1.5968390098017897,COMPLETE
67,0.8515771143054051,2026-05-15 02:21:35.850217,2026-05-15 02:21:36.616236,0 days 00:00:00.766019,0.742949565189821,135,9,967,3.7433338920361185,0.13686517232549178,0.4993672370194593,COMPLETE
68,0.8589764995131983,2026-05-15 02:21:36.616478,2026-05-15 02:21:37.506807,0 days 00:00:00.890329,0.4519635147592792,172,4,868,1.0615754770965837,0.06600824038774081,0.6977230161907714,COMPLETE
69,0.8580884967127215,2026-05-15 02:21:37.507037,2026-05-15 02:21:38.276514,0 days 00:00:00.769477,0.4287010986743628,168,5,561,0.9502298671091419,0.04884050464469768,0.7428784751737616,COMPLETE
70,0.857436100445232,2026-05-15 02:21:38.276761,2026-05-15 02:21:39.201953,0 days 00:00:00.925192,0.391750850591898,206,5,868,1.6329296882460453,0.0686080145693715,4.272425574808954,COMPLETE
71,0.8582478011880149,2026-05-15 02:21:39.202240,2026-05-15 02:21:39.859488,0 days 00:00:00.657248,0.5115341861934738,177,4,926,2.5400517285169504,0.06684548692993747,0.4232450859061603,COMPLETE
72,0.8581860621574611,2026-05-15 02:21:39.859729,2026-05-15 02:21:40.511617,0 days 00:00:00.651888,0.46477314035854544,198,4,845,1.18472672374776,0.08207829340426946,0.6697756601670678,COMPLETE
73,0.8582337167580103,2026-05-15 02:21:40.511847,2026-05-15 02:21:41.806363,0 days 00:00:01.294516,0.5315038381078168,161,4,883,1.87135930096811,0.03806766168045844,1.3421065061395139,COMPLETE
74,0.8589411516961482,2026-05-15 02:21:41.806590,2026-05-15 02:21:42.616147,0 days 00:00:00.809557,0.5672740137127249,255,4,981,0.7112564811209771,0.07378873931394504,0.9656577586805455,COMPLETE
75,0.8586926230404865,2026-05-15 02:21:42.616361,2026-05-15 02:21:43.489558,0 days 00:00:00.873197,0.6803019506056437,255,4,978,0.7580898014372005,0.09605088870448339,2.3323459379275326,COMPLETE
76,0.8573682080229289,2026-05-15 02:21:43.489789,2026-05-15 02:21:44.170060,0 days 00:00:00.680271,0.6105609732195092,240,5,949,0.5052200140412627,0.10744788387895134,1.029250939728199,COMPLETE
77,0.8591752540667082,2026-05-15 02:21:44.170302,2026-05-15 02:21:44.977910,0 days 00:00:00.807608,0.6440060810193652,228,4,217,0.2092980738285908,0.06453921391066761,0.8490649340050511,COMPLETE
78,0.8558662334678876,2026-05-15 02:21:44.978146,2026-05-15 02:21:45.647094,0 days 00:00:00.668948,0.6595640764464372,221,5,1000,0.339495655923255,0.0644096645396464,0.2984720593982047,COMPLETE
79,0.8540665714942076,2026-05-15 02:21:45.647340,2026-05-15 02:21:46.413988,0 days 00:00:00.766648,0.8172197681252774,38,7,269,1.1101206067645897,0.054439372916109396,1.6138258796408695,COMPLETE
80,0.8583541864942623,2026-05-15 02:21:46.414230,2026-05-15 02:21:47.122924,0 days 00:00:00.708694,0.7176123681189845,227,4,903,0.39963413284559207,0.0720378362446806,0.8678356080489694,COMPLETE
81,0.8581572779582772,2026-05-15 02:21:47.123198,2026-05-15 02:21:47.648331,0 days 00:00:00.525133,0.5846452728240563,246,4,372,0.20288930032367913,0.09116689555126693,0.22734775830546836,COMPLETE
82,0.8596057863761171,2026-05-15 02:21:47.648567,2026-05-15 02:21:48.353665,0 days 00:00:00.705098,0.4496311775469763,233,4,965,0.11573737867454605,0.05925743438748902,0.4289688607414031,COMPLETE
83,0.8584480599039523,2026-05-15 02:21:48.353894,2026-05-15 02:21:49.120591,0 days 00:00:00.766697,0.32003959042323327,214,4,962,0.0684157563441736,0.05987504352113897,0.3772665407424194,COMPLETE
84,0.8587348079594805,2026-05-15 02:21:49.120817,2026-05-15 02:21:49.901721,0 days 00:00:00.780904,0.37807828758063977,247,4,922,0.13283405858113403,0.05039244156427113,0.16860042146175677,COMPLETE
85,0.8575389988294881,2026-05-15 02:21:49.901956,2026-05-15 02:21:50.787189,0 days 00:00:00.885233,0.622432638263684,151,4,986,0.03508097683987868,0.04515663116782904,0.09232142111927207,COMPLETE
86,0.8577518378130025,2026-05-15 02:21:50.787417,2026-05-15 02:21:51.410286,0 days 00:00:00.622869,0.49300244483455663,229,5,783,0.0696700640675504,0.0745597721945936,0.7353088734301986,COMPLETE
87,0.8592810240337809,2026-05-15 02:21:51.410523,2026-05-15 02:21:52.263227,0 days 00:00:00.852704,0.4025739791365351,196,4,218,0.6033676083618724,0.06493091702243921,1.1786775683078365,COMPLETE
88,0.8558394320282673,2026-05-15 02:21:52.263463,2026-05-15 02:21:53.115084,0 days 00:00:00.851621,0.45262362610025053,194,6,220,0.1620273981266083,0.056809846412205406,2.9451194974130317,COMPLETE
89,0.8580157499480381,2026-05-15 02:21:53.115318,2026-05-15 02:21:53.936505,0 days 00:00:00.821187,0.4187398840568007,186,5,250,0.2833441359971268,0.06658580724802267,1.4159079468543476,COMPLETE
90,0.8586459256342096,2026-05-15 02:21:53.936746,2026-05-15 02:21:55.138916,0 days 00:00:01.202170,0.641994242451983,212,4,319,1.6684982957774817,0.040124252218675695,2.023738352866987,COMPLETE
91,0.8594025193353243,2026-05-15 02:21:55.139148,2026-05-15 02:21:55.795297,0 days 00:00:00.656149,0.37088411060328835,220,4,200,0.5980504016562493,0.08194157655025193,0.8969557680248765,COMPLETE
92,0.8580424146456194,2026-05-15 02:21:55.795522,2026-05-15 02:21:56.609365,0 days 00:00:00.813843,0.35720475204312774,222,4,260,0.5871108075819829,0.06027125054679319,0.41382462134674064,COMPLETE
93,0.8576648015052564,2026-05-15 02:21:56.609602,2026-05-15 02:21:57.317793,0 days 00:00:00.708191,0.2463607026216001,199,4,236,0.12051050549890131,0.08380070135805417,1.1121761428267132,COMPLETE
94,0.8594474390950958,2026-05-15 02:21:57.318037,2026-05-15 02:21:58.342716,0 days 00:00:01.024679,0.44786371787200396,173,4,215,1.0312146889883667,0.05326167334797477,0.7968940889991362,COMPLETE
95,0.8592725460273702,2026-05-15 02:21:58.342948,2026-05-15 02:21:59.245043,0 days 00:00:00.902095,0.38965592235182567,181,4,287,0.9384287720691221,0.053901491493724994,0.8281509322155852,COMPLETE
96,0.8584332917637535,2026-05-15 02:21:59.245274,2026-05-15 02:22:00.329413,0 days 00:00:01.084139,0.32363569000072134,193,4,204,0.8365421029400202,0.03473232042974423,1.7816241168987341,COMPLETE
97,0.8593782476234235,2026-05-15 02:22:00.329656,2026-05-15 02:22:01.517409,0 days 00:00:01.187753,0.3993165666484297,201,4,294,0.32219395705320114,0.04801717740650446,1.2047622346946727,COMPLETE
98,0.8596000432104844,2026-05-15 02:22:01.517665,2026-05-15 02:22:02.586165,0 days 00:00:01.068500,0.2979637052556532,185,4,291,0.3181984325435792,0.04764376714223484,0.8413545698144443,COMPLETE
99,0.8587890945489154,2026-05-15 02:22:02.586394,2026-05-15 02:22:03.676583,0 days 00:00:01.090189,0.26956746679540966,181,4,289,0.4420013715057461,0.04430842069849197,1.2550960010933134,COMPLETE
