number,value,datetime_start,datetime_complete,duration,params_bagging_temperature,params_border_count,params_depth,params_iterations,params_l2_leaf_reg,params_learning_rate,params_random_strength,state
0,0.7713122395852009,2026-05-15 01:22:31.865910,2026-05-15 01:22:32.468383,0 days 00:00:00.602473,0.15601864044243652,45,9,500,0.24810409748678114,0.17254716573280354,0.004207053950287938,COMPLETE
1,0.7847463801894707,2026-05-15 01:22:32.468663,2026-05-15 01:22:33.059324,0 days 00:00:00.590661,0.9699098521619943,79,8,893,0.0012087541473056963,0.06054365855469249,2.136832907235876,COMPLETE
2,0.7919815549228706,2026-05-15 01:22:33.059601,2026-05-15 01:22:33.997764,0 days 00:00:00.938163,0.43194501864211576,169,6,345,0.12561043700013563,0.017322667470546258,0.014618962793704969,COMPLETE
3,0.7816876671854045,2026-05-15 01:22:33.997987,2026-05-15 01:22:34.682449,0 days 00:00:00.684462,0.7851759613930136,147,6,311,0.06672367170464209,0.023993242906812717,0.006290644294586149,COMPLETE
4,0.7868076821021076,2026-05-15 01:22:34.682676,2026-05-15 01:22:35.780334,0 days 00:00:01.097658,0.06505159298527952,248,8,674,0.004809461967501573,0.011492999300221412,6.24513957474307,COMPLETE
5,0.7976753609053292,2026-05-15 01:22:35.780582,2026-05-15 01:22:36.697890,0 days 00:00:00.917308,0.4401524937396013,142,4,847,0.5456725485601478,0.02490643969382439,0.003077180271250686,COMPLETE
6,0.7928083562223449,2026-05-15 01:22:36.698124,2026-05-15 01:22:37.129595,0 days 00:00:00.431471,0.31171107608941095,154,5,227,0.44677528179739073,0.15242391728466365,0.12030178871154672,COMPLETE
7,0.7849416599135117,2026-05-15 01:22:37.129806,2026-05-15 01:22:37.867450,0 days 00:00:00.737644,0.8948273504276488,238,9,348,5.727904470799624,0.18258230439200232,0.24637685958997463,COMPLETE
8,0.7924764595778859,2026-05-15 01:22:37.867668,2026-05-15 01:22:38.938611,0 days 00:00:01.070943,0.388677289689482,217,4,270,0.02001342062287998,0.017987863473362915,0.01217295809836997,COMPLETE
9,0.7791856770964063,2026-05-15 01:22:38.938839,2026-05-15 01:22:39.645788,0 days 00:00:00.706949,0.8021969807540397,253,7,485,0.003661819220392431,0.023200867504756816,0.0019870215385428634,COMPLETE
10,0.7981975172295093,2026-05-15 01:22:39.646025,2026-05-15 01:22:40.316992,0 days 00:00:00.670967,0.6400885024675562,105,4,982,3.033713464539809,0.053343533692271954,0.042239176219265706,COMPLETE
11,0.8012449709913154,2026-05-15 01:22:40.317242,2026-05-15 01:22:41.120311,0 days 00:00:00.803069,0.617454472993021,97,4,985,2.7271326003577623,0.05156911709595948,0.052166826535988815,COMPLETE
12,0.8010564324696468,2026-05-15 01:22:41.120530,2026-05-15 01:22:41.812789,0 days 00:00:00.692259,0.6525898752936657,97,4,996,9.821464149160903,0.05896703079158267,0.03551213771944444,COMPLETE
13,0.7931503646703624,2026-05-15 01:22:41.813011,2026-05-15 01:22:42.292168,0 days 00:00:00.479157,0.6738930403356713,82,5,752,9.259024479770856,0.10091557450479287,0.04118307566698297,COMPLETE
14,0.8002103398570004,2026-05-15 01:22:42.292403,2026-05-15 01:22:42.959695,0 days 00:00:00.667292,0.5908077985215608,112,5,993,1.467505341945693,0.073834611087771,0.45042834710787105,COMPLETE
15,0.7957432175615492,2026-05-15 01:22:42.959930,2026-05-15 01:22:43.798663,0 days 00:00:00.838733,0.5643420077093966,40,6,844,1.707120343469245,0.03588024307244565,1.0710864892298309,COMPLETE
16,0.8003123901865306,2026-05-15 01:22:43.798881,2026-05-15 01:22:44.618893,0 days 00:00:00.820012,0.7866278717699985,75,4,723,8.756113750841765,0.037187613431510724,0.04531062299067546,COMPLETE
17,0.7871045818661656,2026-05-15 01:22:44.619128,2026-05-15 01:22:45.523808,0 days 00:00:00.904680,0.25495382948954587,119,10,904,1.1072448678802878,0.09688484587049258,0.0010446251525877421,COMPLETE
18,0.8005550017570155,2026-05-15 01:22:45.524033,2026-05-15 01:22:46.100246,0 days 00:00:00.576213,0.7219454805607028,181,5,588,3.5571148147112863,0.0892855075922247,0.1253889155386666,COMPLETE
19,0.7907773180054647,2026-05-15 01:22:46.100495,2026-05-15 01:22:46.770422,0 days 00:00:00.669927,0.5303572448620109,65,7,790,0.023092359279542212,0.03702917556373974,0.020415609520101154,COMPLETE
20,0.8004923946328555,2026-05-15 01:22:46.770650,2026-05-15 01:22:47.488563,0 days 00:00:00.717913,0.9381733701979755,129,4,935,0.633983011589618,0.052285807740141264,0.3411055251887491,COMPLETE
21,0.7985160031841423,2026-05-15 01:22:47.488804,2026-05-15 01:22:47.999144,0 days 00:00:00.510340,0.7203017877558192,182,5,601,3.299118424061494,0.08789277214695261,0.14656063978774456,COMPLETE
22,0.798788376445952,2026-05-15 01:22:47.999366,2026-05-15 01:22:48.459503,0 days 00:00:00.460137,0.7148620994462618,192,5,495,3.41601427672434,0.12637442055421597,0.05578940180084791,COMPLETE
23,0.7979059960843654,2026-05-15 01:22:48.459727,2026-05-15 01:22:49.151073,0 days 00:00:00.691346,0.8687486840904153,95,4,610,4.644785193252201,0.07779837502868608,0.7972373946115633,COMPLETE
24,0.7929915878400183,2026-05-15 01:22:49.151295,2026-05-15 01:22:49.753627,0 days 00:00:00.602332,0.6102357775624093,203,6,667,1.5640574470935176,0.06598713114487716,0.11080683196452552,COMPLETE
25,0.7987856512790357,2026-05-15 01:22:49.753860,2026-05-15 01:22:50.414062,0 days 00:00:00.660202,0.5169174668240123,94,5,810,8.220845139684407,0.12455384108508462,0.023280962240396993,COMPLETE
26,0.7988433100737947,2026-05-15 01:22:50.414826,2026-05-15 01:22:51.303738,0 days 00:00:00.888912,0.7182723260205044,54,4,424,0.2322517486324563,0.043497920877248256,0.0771834941592485,COMPLETE
27,0.7999397594681622,2026-05-15 01:22:51.303965,2026-05-15 01:22:52.606760,0 days 00:00:01.302795,0.4775556321405998,129,5,561,2.477585901235725,0.03038695754944722,0.17566974479092515,COMPLETE
28,0.7864015605166343,2026-05-15 01:22:52.607436,2026-05-15 01:22:53.495145,0 days 00:00:00.887709,0.8349442385145898,163,6,947,1.1253982306974428,0.04826755228452922,0.008265128812516065,COMPLETE
29,0.7995119082622758,2026-05-15 01:22:53.495502,2026-05-15 01:22:53.976313,0 days 00:00:00.480811,0.3731759339108428,222,4,547,0.38419422302651524,0.12183939971120147,0.026474667247264314,COMPLETE
30,0.8010080248994197,2026-05-15 01:22:53.976540,2026-05-15 01:22:54.775569,0 days 00:00:00.799029,0.6619907585286656,56,5,430,5.037119473339043,0.06566667562942503,0.7592146438779552,COMPLETE
31,0.8010207901549758,2026-05-15 01:22:54.775804,2026-05-15 01:22:55.548331,0 days 00:00:00.772527,0.6748206083492881,56,5,404,5.5558445662756215,0.06383194933992122,1.5150791246197186,COMPLETE
32,0.8023570542379932,2026-05-15 01:22:55.548575,2026-05-15 01:22:56.621193,0 days 00:00:01.072618,0.6425164798518852,33,4,449,5.751131159662212,0.0649163439614859,7.043714072308625,COMPLETE
33,0.8012616088524895,2026-05-15 01:22:56.621416,2026-05-15 01:22:57.727325,0 days 00:00:01.105909,0.589563526222319,34,4,419,9.790260143591912,0.058212443235341915,8.363749545666742,COMPLETE
34,0.8017143451352186,2026-05-15 01:22:57.727558,2026-05-15 01:22:58.988053,0 days 00:00:01.260495,0.5637020339039145,39,4,364,8.841455976370796,0.04446635260987681,5.930212982760042,COMPLETE
35,0.8020976613764963,2026-05-15 01:22:58.988280,2026-05-15 01:23:00.381947,0 days 00:00:01.393667,0.488149530032992,42,4,365,2.287461665842602,0.04138748242743087,8.94546639435703,COMPLETE
36,0.7909420471740736,2026-05-15 01:23:00.382203,2026-05-15 01:23:01.438708,0 days 00:00:01.056505,0.21210673971556449,33,8,365,0.11325648879229566,0.029414194485801366,8.33536680411458,COMPLETE
37,0.8015838239829032,2026-05-15 01:23:01.438925,2026-05-15 01:23:02.596350,0 days 00:00:01.157425,0.48410259880350076,32,4,296,0.9646449408342801,0.04127741697135586,3.6711559959375704,COMPLETE
38,0.7868186544846925,2026-05-15 01:23:02.596649,2026-05-15 01:23:03.377794,0 days 00:00:00.781145,0.4548633733286074,69,6,200,0.6943490517803904,0.04412326918496512,3.776570310968044,COMPLETE
39,0.7875056834073193,2026-05-15 01:23:03.378031,2026-05-15 01:23:04.131830,0 days 00:00:00.753799,0.38031471649934534,49,9,276,0.2532757993023046,0.01049713127632179,3.430062499781575,COMPLETE
40,0.7905964529801135,2026-05-15 01:23:04.132051,2026-05-15 01:23:05.421869,0 days 00:00:01.289818,0.04889092612165391,46,4,297,0.06502706397708059,0.018603182136541874,4.104536095242276,COMPLETE
41,0.800986223564088,2026-05-15 01:23:05.422106,2026-05-15 01:23:06.779140,0 days 00:00:01.357034,0.5547158940233545,32,4,381,5.719883742452251,0.04257316360794918,9.674815684382526,COMPLETE
42,0.8019208841015197,2026-05-15 01:23:06.779363,2026-05-15 01:23:08.387091,0 days 00:00:01.607728,0.49146084887817515,43,4,462,2.0390749664442582,0.03124939280788618,2.2317044597415996,COMPLETE
43,0.7798189198298923,2026-05-15 01:23:08.387430,2026-05-15 01:23:09.293711,0 days 00:00:00.906281,0.32400157868105806,66,4,327,0.8960094516559729,0.026953932589897155,2.03572979198901,COMPLETE
44,0.7990337131833537,2026-05-15 01:23:09.293939,2026-05-15 01:23:10.383050,0 days 00:00:01.089111,0.41281339304163867,45,4,248,2.066200719991522,0.03333002779887387,5.364940839283771,COMPLETE
45,0.7898864035685342,2026-05-15 01:23:10.383287,2026-05-15 01:23:11.483655,0 days 00:00:01.100368,0.4956602496469925,82,5,474,2.095663338161859,0.02147928677139718,2.368992777127074,COMPLETE
46,0.7949006389799269,2026-05-15 01:23:11.483887,2026-05-15 01:23:12.264247,0 days 00:00:00.780360,0.4406101626549005,62,4,453,0.0014777880758638662,0.04061668247211032,5.329718388280017,COMPLETE
47,0.7875009502226747,2026-05-15 01:23:12.264497,2026-05-15 01:23:13.732252,0 days 00:00:01.467755,0.30771381861052294,42,8,329,0.331314591551786,0.012974005335336252,2.583194936395868,COMPLETE
48,0.801218006181826,2026-05-15 01:23:13.732489,2026-05-15 01:23:15.306964,0 days 00:00:01.574475,0.498070425103112,78,5,536,0.9245384841458175,0.0321157469706172,5.945628379403733,COMPLETE
49,0.8008136774693239,2026-05-15 01:23:15.307210,2026-05-15 01:23:16.722428,0 days 00:00:01.415218,0.5506841518880183,43,4,352,4.288480273645427,0.025275031790648824,1.6174845221155014,COMPLETE
50,0.7785319238961281,2026-05-15 01:23:16.722746,2026-05-15 01:23:17.652757,0 days 00:00:00.930011,0.3518708758520299,54,10,384,7.02038337172395,0.048136095924089635,1.1667089023499857,COMPLETE
51,0.8011485861403748,2026-05-15 01:23:17.653002,2026-05-15 01:23:18.888369,0 days 00:00:01.235367,0.5853928822335025,34,4,443,9.949102732758439,0.05528947616062349,7.5987600829968365,COMPLETE
52,0.8027504822828293,2026-05-15 01:23:18.888696,2026-05-15 01:23:20.106147,0 days 00:00:01.217451,0.459999254560513,37,4,298,6.432010976907427,0.03963416415089295,2.972025226916679,COMPLETE
53,0.8019726622729326,2026-05-15 01:23:20.106378,2026-05-15 01:23:21.322134,0 days 00:00:01.215756,0.11669945272336485,41,4,298,2.5853654689369447,0.03946116099680274,3.1863846145806143,COMPLETE
54,0.7976731377428448,2026-05-15 01:23:21.322379,2026-05-15 01:23:22.278004,0 days 00:00:00.955625,0.10637354326210584,73,4,238,2.9557649787595675,0.03656379065822496,2.8955136026458037,COMPLETE
55,0.8017824025932115,2026-05-15 01:23:22.278309,2026-05-15 01:23:23.335031,0 days 00:00:01.056722,0.006008484553144511,60,5,267,6.29289238398226,0.04826486789862612,5.1337018981401,COMPLETE
56,0.8015502614008791,2026-05-15 01:23:23.335263,2026-05-15 01:23:23.908950,0 days 00:00:00.573687,0.010279375331658125,58,5,269,1.8061847971332494,0.07322840876625088,0.5788691561138981,COMPLETE
57,0.8002679269368408,2026-05-15 01:23:23.909171,2026-05-15 01:23:25.023229,0 days 00:00:01.114058,0.1315380949794957,86,5,315,3.9347589249017156,0.02815548210057377,1.322307563429499,COMPLETE
58,0.7825447321806356,2026-05-15 01:23:25.023454,2026-05-15 01:23:26.012425,0 days 00:00:00.988971,0.1915800612827095,50,7,211,1.3633365839601463,0.03375105345683724,2.013281931972358,COMPLETE
59,0.7643102100529973,2026-05-15 01:23:26.012650,2026-05-15 01:23:26.810605,0 days 00:00:00.797955,0.08292739958644779,63,6,260,5.656546393537227,0.021765349414046863,4.5471362037055,COMPLETE
60,0.8034586671065181,2026-05-15 01:23:26.810851,2026-05-15 01:23:28.047727,0 days 00:00:01.236876,0.2596297886337092,49,4,527,2.3609821250119802,0.048239349659174445,2.997735571048697,COMPLETE
61,0.7941233926893811,2026-05-15 01:23:28.047973,2026-05-15 01:23:29.069298,0 days 00:00:01.021325,0.0010369946771292644,41,4,393,2.607795847219318,0.04965174555217771,2.7655800463101863,COMPLETE
62,0.801951291227114,2026-05-15 01:23:29.069534,2026-05-15 01:23:30.671198,0 days 00:00:01.601664,0.1982896469284054,51,4,458,3.8376344086744916,0.03802706951480783,9.816456895528782,COMPLETE
63,0.8009203892685794,2026-05-15 01:23:30.671441,2026-05-15 01:23:32.207381,0 days 00:00:01.535940,0.18972032909949915,49,4,519,3.789361369375883,0.039025949510723995,9.603699000420164,COMPLETE
64,0.8017628244203641,2026-05-15 01:23:32.207606,2026-05-15 01:23:33.719755,0 days 00:00:01.512149,0.26336112259779787,71,4,477,1.4152300580346426,0.034053116843975786,7.193884602199356,COMPLETE
65,0.8014702275514375,2026-05-15 01:23:33.719995,2026-05-15 01:23:34.528412,0 days 00:00:00.808417,0.2607599663058558,41,4,637,2.4556266483894067,0.05645331497463683,0.9379619597115222,COMPLETE
66,0.8003179122352824,2026-05-15 01:23:34.528643,2026-05-15 01:23:35.521462,0 days 00:00:00.992819,0.15630519003622928,55,4,511,0.014701584763714541,0.038454836594607404,1.9213526436341624,COMPLETE
67,0.8003032823918359,2026-05-15 01:23:35.521710,2026-05-15 01:23:36.000764,0 days 00:00:00.479054,0.29240495752667606,48,4,458,0.5198852364028613,0.19745602576641064,3.1574746603860153,COMPLETE
68,0.7951903672520995,2026-05-15 01:23:36.000988,2026-05-15 01:23:37.431740,0 days 00:00:01.430752,0.23479949317140125,39,5,586,4.4347260333522005,0.03085242844193138,6.835679101477919,COMPLETE
69,0.802319188760838,2026-05-15 01:23:37.431958,2026-05-15 01:23:38.340911,0 days 00:00:00.908953,0.15705834749705977,67,4,415,7.050105695227234,0.07420368493417533,4.312625491922367,COMPLETE
70,0.7980638406207644,2026-05-15 01:23:38.341146,2026-05-15 01:23:39.312843,0 days 00:00:00.971697,0.15346932033113236,90,5,408,7.025704601131557,0.061406739772816625,4.272425574808954,COMPLETE
71,0.8013698983799601,2026-05-15 01:23:39.313088,2026-05-15 01:23:40.220566,0 days 00:00:00.907478,0.4086081602007754,106,4,493,2.8190245470831803,0.08204979430066588,9.66815829337526,COMPLETE
72,0.7874413551251067,2026-05-15 01:23:40.220799,2026-05-15 01:23:40.785752,0 days 00:00:00.564953,0.11831158013588018,51,4,345,1.9076651306363839,0.07056832876281473,1.5969196822543887,COMPLETE
73,0.8020536284163196,2026-05-15 01:23:40.785992,2026-05-15 01:23:42.193679,0 days 00:00:01.407687,0.04745792427168091,38,4,466,3.4437363710075273,0.046137179632566847,6.823897831199175,COMPLETE
74,0.8017857014794789,2026-05-15 01:23:42.193919,2026-05-15 01:23:43.327943,0 days 00:00:01.134024,0.0570807169462884,63,4,436,7.177903046700476,0.05241834302607353,6.40319609757852,COMPLETE
75,0.7999023242805201,2026-05-15 01:23:43.328183,2026-05-15 01:23:44.303560,0 days 00:00:00.975377,0.1826785020630208,37,4,559,3.7377465589169057,0.04654364338510469,4.383042464864054,COMPLETE
76,0.8005648267008987,2026-05-15 01:23:44.303785,2026-05-15 01:23:44.990638,0 days 00:00:00.686853,0.08615872869241989,69,4,374,4.889339470801157,0.09682631006233079,3.3815228993607214,COMPLETE
77,0.7937689775604019,2026-05-15 01:23:44.990864,2026-05-15 01:23:45.754664,0 days 00:00:00.763800,0.157638506775988,37,5,300,0.0525761322047549,0.06927107693408768,7.209297247633715,COMPLETE
78,0.8000254587961935,2026-05-15 01:23:45.754968,2026-05-15 01:23:46.288918,0 days 00:00:00.533950,0.7570574868614317,136,4,402,3.156672563058528,0.08241870861211173,0.24271327013385208,COMPLETE
79,0.8023297308539096,2026-05-15 01:23:46.289138,2026-05-15 01:23:47.482848,0 days 00:00:01.193710,0.2381187769133703,48,4,342,1.2114952760021884,0.05882453915279377,5.094842775532124,COMPLETE
80,0.7991493893474658,2026-05-15 01:23:47.483068,2026-05-15 01:23:48.222170,0 days 00:00:00.739102,0.22468064509681193,59,5,338,1.1523349403094276,0.06163175608202024,4.813918314850184,COMPLETE
81,0.8007099059817414,2026-05-15 01:23:48.222402,2026-05-15 01:23:49.365476,0 days 00:00:01.143074,0.030133162497475982,46,4,514,2.4199606768090334,0.05295293616276478,9.833181810794084,COMPLETE
82,0.8016659375649916,2026-05-15 01:23:49.365713,2026-05-15 01:23:50.515338,0 days 00:00:01.149625,0.3392094049409533,152,4,411,4.996231977005396,0.0444290347639023,6.084932593026287,COMPLETE
83,0.8002548748216092,2026-05-15 01:23:50.515575,2026-05-15 01:23:51.608622,0 days 00:00:01.093047,0.2877338623939233,32,4,286,7.422615291631303,0.04016795797478637,3.6649892579302024,COMPLETE
84,0.7985719408208488,2026-05-15 01:23:51.608850,2026-05-15 01:23:52.214299,0 days 00:00:00.605449,0.14115969531328168,54,4,316,0.747502046863588,0.05722471751624124,0.002613531439639404,COMPLETE
85,0.8013197696516806,2026-05-15 01:23:52.214534,2026-05-15 01:23:53.587242,0 days 00:00:01.372708,0.07672383510238115,50,4,358,1.5769025685985456,0.035592285574779677,2.809847616827739,COMPLETE
86,0.801366384348936,2026-05-15 01:23:53.587548,2026-05-15 01:23:54.899360,0 days 00:00:01.311812,0.6264684159166874,77,4,434,3.35425628733045,0.04532131344068831,7.895337945770369,COMPLETE
87,0.8014299954819601,2026-05-15 01:23:54.899581,2026-05-15 01:23:56.035354,0 days 00:00:01.135773,0.10148098764863672,39,4,533,5.5955543345114185,0.05108325532923852,5.175550611616548,COMPLETE
88,0.7982921809223974,2026-05-15 01:23:56.035593,2026-05-15 01:23:56.836779,0 days 00:00:00.801186,0.20687504308710136,46,4,478,1.2853446153946047,0.06775797710670878,3.7037250971880593,COMPLETE
89,0.7911191830236445,2026-05-15 01:23:56.837019,2026-05-15 01:23:57.373270,0 days 00:00:00.536251,0.45247091132717554,66,5,390,2.2780669320784064,0.07870258686636478,0.005651439072659087,COMPLETE
90,0.800500068129173,2026-05-15 01:23:57.373517,2026-05-15 01:23:58.488235,0 days 00:00:01.114718,0.04044466556678089,37,4,461,0.15254480830168948,0.04136150011955861,6.024274054387596,COMPLETE
91,0.8001533982114298,2026-05-15 01:23:58.488474,2026-05-15 01:24:00.053980,0 days 00:00:01.565506,0.5202908981639122,44,4,501,1.9063708026154984,0.02698446041047779,2.2812213191882607,COMPLETE
92,0.8007010850467223,2026-05-15 01:24:00.054219,2026-05-15 01:24:01.243338,0 days 00:00:01.189119,0.17376773912061555,55,4,455,4.380075034847848,0.036600205094607506,2.42833196354364,COMPLETE
93,0.8031580381666797,2026-05-15 01:24:01.243590,2026-05-15 01:24:02.583301,0 days 00:00:01.339711,0.4697326008729022,32,4,424,3.1753451032877638,0.030351154491875657,1.7658489081327267,COMPLETE
94,0.797195157808679,2026-05-15 01:24:02.583523,2026-05-15 01:24:03.454944,0 days 00:00:00.871421,0.47088518416701836,33,4,423,8.304350811150735,0.04239998555213546,1.6735600551231864,COMPLETE
95,0.7989817198671839,2026-05-15 01:24:03.455251,2026-05-15 01:24:04.928226,0 days 00:00:01.472975,0.42426479241902937,51,4,377,3.15752993707097,0.029072574985427712,4.693242857268342,COMPLETE
96,0.7981656758055379,2026-05-15 01:24:04.928466,2026-05-15 01:24:05.530977,0 days 00:00:00.602511,0.3919781126319808,44,5,328,6.121290272030497,0.11369470185934664,8.09175722899603,COMPLETE
97,0.803243235490279,2026-05-15 01:24:05.531220,2026-05-15 01:24:06.631089,0 days 00:00:01.099869,0.5267365869024786,37,4,364,3.719237873736164,0.05911522826435937,3.320078916831801,COMPLETE
98,0.8006827977424142,2026-05-15 01:24:06.631369,2026-05-15 01:24:07.464674,0 days 00:00:00.833305,0.529490548463726,37,4,307,1.6612854133471342,0.06436157030670642,2.9921639816288956,COMPLETE
99,0.8002307068939551,2026-05-15 01:24:07.464953,2026-05-15 01:24:08.243624,0 days 00:00:00.778671,0.680422907036464,60,5,361,2.663574196328236,0.05531285281072215,1.4070431001516868,COMPLETE
