number,value,datetime_start,datetime_complete,duration,params_bagging_temperature,params_border_count,params_depth,params_iterations,params_l2_leaf_reg,params_learning_rate,params_random_strength,state
0,0.7701153849241638,2026-05-15 02:15:01.553944,2026-05-15 02:15:02.019853,0 days 00:00:00.465909,0.15601864044243652,45,9,500,0.24810409748678114,0.17254716573280354,0.004207053950287938,COMPLETE
1,0.7761076513526902,2026-05-15 02:15:02.020094,2026-05-15 02:15:02.586559,0 days 00:00:00.566465,0.9699098521619943,79,8,893,0.0012087541473056963,0.06054365855469249,2.136832907235876,COMPLETE
2,0.7968521917846386,2026-05-15 02:15:02.586803,2026-05-15 02:15:03.280654,0 days 00:00:00.693851,0.43194501864211576,169,6,345,0.12561043700013563,0.017322667470546258,0.014618962793704969,COMPLETE
3,0.7973946893560915,2026-05-15 02:15:03.280888,2026-05-15 02:15:03.901483,0 days 00:00:00.620595,0.7851759613930136,147,6,311,0.06672367170464209,0.023993242906812717,0.006290644294586149,COMPLETE
4,0.769126020473941,2026-05-15 02:15:03.901714,2026-05-15 02:15:05.020456,0 days 00:00:01.118742,0.06505159298527952,248,8,674,0.004809461967501573,0.011492999300221412,6.24513957474307,COMPLETE
5,0.8036194210116453,2026-05-15 02:15:05.020698,2026-05-15 02:15:05.755996,0 days 00:00:00.735298,0.4401524937396013,142,4,847,0.5456725485601478,0.02490643969382439,0.003077180271250686,COMPLETE
6,0.8022033783844412,2026-05-15 02:15:05.756247,2026-05-15 02:15:06.107783,0 days 00:00:00.351536,0.31171107608941095,154,5,227,0.44677528179739073,0.15242391728466365,0.12030178871154672,COMPLETE
7,0.7971827670186034,2026-05-15 02:15:06.108022,2026-05-15 02:15:06.832216,0 days 00:00:00.724194,0.8948273504276488,238,9,348,5.727904470799624,0.18258230439200232,0.24637685958997463,COMPLETE
8,0.8062263609192069,2026-05-15 02:15:06.832454,2026-05-15 02:15:07.857263,0 days 00:00:01.024809,0.388677289689482,217,4,270,0.02001342062287998,0.017987863473362915,0.01217295809836997,COMPLETE
9,0.76818116561772,2026-05-15 02:15:07.857502,2026-05-15 02:15:08.529286,0 days 00:00:00.671784,0.8021969807540397,253,7,485,0.003661819220392431,0.023200867504756816,0.0019870215385428634,COMPLETE
10,0.8078850221556244,2026-05-15 02:15:08.529518,2026-05-15 02:15:09.057467,0 days 00:00:00.527949,0.6400885024675562,195,4,611,0.024400771927662247,0.05298668130616353,0.03320258070519291,COMPLETE
11,0.8059871661249167,2026-05-15 02:15:09.057697,2026-05-15 02:15:09.572141,0 days 00:00:00.514444,0.617454472993021,194,4,699,0.025926173236423863,0.055245878781596404,0.035382156320986916,COMPLETE
12,0.8052580116088577,2026-05-15 02:15:09.572387,2026-05-15 02:15:10.101154,0 days 00:00:00.528767,0.6198942765704727,204,4,578,0.01680081571348859,0.0817954206409594,0.03551213771944444,COMPLETE
13,0.7992756624373502,2026-05-15 02:15:10.101399,2026-05-15 02:15:10.692322,0 days 00:00:00.590923,0.268796627246008,191,5,762,0.024577274607965247,0.03932312276765038,0.03353807924728599,COMPLETE
14,0.8043915503081197,2026-05-15 02:15:10.692562,2026-05-15 02:15:12.065851,0 days 00:00:01.373289,0.5908077985215608,221,5,974,0.007535401303599731,0.010102372979366652,0.45042834710787033,COMPLETE
15,0.7958884469150483,2026-05-15 02:15:12.066083,2026-05-15 02:15:12.534276,0 days 00:00:00.468193,0.3023659478915789,108,6,449,1.7071203434692406,0.09297331361681932,0.013034489450593763,COMPLETE
16,0.8043078439363764,2026-05-15 02:15:12.534526,2026-05-15 02:15:13.109440,0 days 00:00:00.574914,0.5085518841171188,180,4,591,0.07112492053815615,0.033921815935674685,0.0010498612518662768,COMPLETE
17,0.7373186617747829,2026-05-15 02:15:13.109673,2026-05-15 02:15:14.739406,0 days 00:00:01.629733,0.6938644135608953,217,10,427,0.0011098932672800501,0.01623151773436874,0.6664310287751155,COMPLETE
18,0.8028550838456856,2026-05-15 02:15:14.739641,2026-05-15 02:15:15.158522,0 days 00:00:00.418881,0.4184396772301279,112,5,205,0.014022464474467339,0.10954014241706563,0.11199386100325105,COMPLETE
19,0.7792654712751372,2026-05-15 02:15:15.158793,2026-05-15 02:15:15.888263,0 days 00:00:00.729470,0.19576077776357967,223,7,670,0.04067248501524307,0.05785784290717925,0.015146976786209439,COMPLETE
20,0.795502146141644,2026-05-15 02:15:15.888492,2026-05-15 02:15:16.419442,0 days 00:00:00.530950,0.7124120287497742,126,6,772,0.0032079170311769276,0.03703950238541676,0.053824802473418386,COMPLETE
21,0.8055119642260927,2026-05-15 02:15:16.419678,2026-05-15 02:15:16.957483,0 days 00:00:00.537805,0.554209516067495,182,4,682,0.011863572957172856,0.05858323999503979,0.009475873647450755,COMPLETE
22,0.8057937796130474,2026-05-15 02:15:16.957721,2026-05-15 02:15:17.518075,0 days 00:00:00.560354,0.6520466768765767,201,4,545,0.03223641379085087,0.054702103298506256,0.05241698887461043,COMPLETE
23,0.8018792965925721,2026-05-15 02:15:17.518308,2026-05-15 02:15:17.930986,0 days 00:00:00.412678,0.3970859482179212,168,5,768,0.1386324801786192,0.07538228371139771,0.030622952718046922,COMPLETE
24,0.8085827720244569,2026-05-15 02:15:17.931220,2026-05-15 02:15:18.744769,0 days 00:00:00.813549,0.5348058667796688,227,4,643,0.046515265831110875,0.03136081348279186,0.22511439206037157,COMPLETE
25,0.8024498930589118,2026-05-15 02:15:18.744994,2026-05-15 02:15:19.292484,0 days 00:00:00.547490,0.5280232930926886,236,5,632,0.06124842392044603,0.029617129625354455,0.1928750233616067,COMPLETE
26,0.8076366184798166,2026-05-15 02:15:19.292713,2026-05-15 02:15:20.772761,0 days 00:00:01.480048,0.3606445241280038,218,4,532,0.008139137963160036,0.017050160074617987,0.814610895809603,COMPLETE
27,0.8026895601035362,2026-05-15 02:15:20.772991,2026-05-15 02:15:22.152882,0 days 00:00:01.379891,0.0161909501668282,233,5,415,0.00820024437871375,0.01374348565113899,1.0696927801824272,COMPLETE
28,0.8053460862961926,2026-05-15 02:15:22.153109,2026-05-15 02:15:23.088483,0 days 00:00:00.935374,0.7773670646884021,209,4,531,0.001960381278679385,0.045380373445253336,2.8232103323602336,COMPLETE
29,0.802751424897321,2026-05-15 02:15:23.088718,2026-05-15 02:15:23.803429,0 days 00:00:00.714711,0.16179195828823917,170,6,494,0.41230036360660244,0.02916907262882276,0.2985617305148642,COMPLETE
30,0.7821924788467269,2026-05-15 02:15:23.803651,2026-05-15 02:15:24.549969,0 days 00:00:00.746318,0.22962874630578656,36,10,634,0.22535796018592757,0.019757955844961296,0.9337168787608462,COMPLETE
31,0.8066324962066491,2026-05-15 02:15:24.550197,2026-05-15 02:15:25.586224,0 days 00:00:01.036027,0.38233883371742894,225,4,288,0.007615240241908425,0.014905066014018167,0.07338753800993518,COMPLETE
32,0.7678625147046947,2026-05-15 02:15:25.586451,2026-05-15 02:15:26.495337,0 days 00:00:00.908886,0.4964939964948699,254,4,385,0.006618701366179004,0.014451616418514657,2.090554058475281,COMPLETE
33,0.8006244093919257,2026-05-15 02:15:26.495567,2026-05-15 02:15:27.383063,0 days 00:00:00.887496,0.3464587104661304,62,5,552,0.0021973850957422414,0.012582310730605234,0.08218909666306301,COMPLETE
34,0.8068486687971453,2026-05-15 02:15:27.383291,2026-05-15 02:15:28.258943,0 days 00:00:00.875652,0.46383555025362233,230,4,830,0.04650901514060946,0.020765961955556824,0.1813896354401021,COMPLETE
35,0.7689361758395785,2026-05-15 02:15:28.259164,2026-05-15 02:15:29.192827,0 days 00:00:00.933663,0.44398890203670704,242,8,847,0.09512757500260147,0.020488981456792527,0.16146303943490348,COMPLETE
36,0.8071360331255274,2026-05-15 02:15:29.193065,2026-05-15 02:15:30.192711,0 days 00:00:00.999646,0.4654944154450327,208,4,972,0.04313774892766004,0.027290436237956024,0.44733739831108355,COMPLETE
37,0.7976567882915919,2026-05-15 02:15:30.192946,2026-05-15 02:15:31.111759,0 days 00:00:00.918813,0.5616080792378633,209,6,994,0.13847613755151061,0.04421952432542599,9.843155468624198,COMPLETE
38,0.8065597696551771,2026-05-15 02:15:31.111980,2026-05-15 02:15:31.830276,0 days 00:00:00.718296,0.7097091832874939,187,5,882,0.011384118480445328,0.028862113772405936,0.38399931972563317,COMPLETE
39,0.7849847770104759,2026-05-15 02:15:31.830497,2026-05-15 02:15:32.856114,0 days 00:00:01.025617,0.8937197427086017,156,9,737,0.2442695600111094,0.026131478070436736,1.656104061184405,COMPLETE
40,0.784589031230387,2026-05-15 02:15:32.856341,2026-05-15 02:15:33.429924,0 days 00:00:00.573583,0.33979864157632345,173,7,923,0.03705998149344285,0.046443662887719644,3.804705207567902,COMPLETE
41,0.809698345376504,2026-05-15 02:15:33.430148,2026-05-15 02:15:34.528692,0 days 00:00:01.098544,0.45994732213915324,230,4,937,0.05460983977346883,0.021930578193214534,0.543262027887325,COMPLETE
42,0.8083213814644579,2026-05-15 02:15:34.528923,2026-05-15 02:15:35.522592,0 days 00:00:00.993669,0.4933383652308771,245,4,953,0.06395721871680617,0.023011586578565904,0.6075013141662364,COMPLETE
43,0.8095518297103075,2026-05-15 02:15:35.522819,2026-05-15 02:15:36.729336,0 days 00:00:01.206517,0.496994600571941,245,4,892,0.08443129597541964,0.022693546386995493,0.713020174774552,COMPLETE
44,0.8092815844565414,2026-05-15 02:15:36.729565,2026-05-15 02:15:37.607917,0 days 00:00:00.878352,0.6465370972137802,243,4,933,0.996971591702832,0.033915334449855804,0.5825120315400694,COMPLETE
45,0.8059856313113307,2026-05-15 02:15:37.608147,2026-05-15 02:15:38.766853,0 days 00:00:01.158706,0.5857926674877614,244,5,928,1.2095374055828996,0.024506268423861815,1.442088219540723,COMPLETE
46,0.8087969375510327,2026-05-15 02:15:38.767088,2026-05-15 02:15:39.893763,0 days 00:00:01.126675,0.5248777337981514,254,4,930,2.3243332422371505,0.022671097056977813,0.5713734385813903,COMPLETE
47,0.8079203228681086,2026-05-15 02:15:39.893987,2026-05-15 02:15:40.721517,0 days 00:00:00.827530,0.6643682751822347,250,5,885,6.475390692063765,0.03392234028612547,0.24018387372032413,COMPLETE
48,0.8095044866143003,2026-05-15 02:15:40.721760,2026-05-15 02:15:41.597057,0 days 00:00:00.875297,0.7525076055407719,255,4,852,3.3820610446307438,0.03282894915357625,0.32931376740836077,COMPLETE
49,0.8068333206612827,2026-05-15 02:15:41.597290,2026-05-15 02:15:43.349639,0 days 00:00:01.752349,0.7758065035533628,253,5,810,2.802816192554433,0.01850590019924831,3.7396536590499934,COMPLETE
