number,value,datetime_start,datetime_complete,duration,params_colsample_bytree,params_learning_rate,params_max_depth,params_min_child_samples,params_n_estimators,params_num_leaves,params_subsample,user_attrs_best_thr,user_attrs_fold_recall_std,user_attrs_oof_auc,user_attrs_oof_f1,user_attrs_oof_recall,state
0,0.5211267605633803,2026-05-15 15:41:46.790228,2026-05-15 15:41:50.387674,0 days 00:00:03.597446,0.6232334448672797,0.08927180304353628,6,16,500,51,0.662397808134481,0.43,0.0201,0.8506,0.6471,0.8534,COMPLETE
1,0.5190735694822888,2026-05-15 15:41:50.387995,2026-05-15 15:41:52.240357,0 days 00:00:01.852362,0.6849356442713105,0.039913058785616795,3,49,893,50,0.9329770563201687,0.49,0.0309,0.8567,0.6447,0.8504,COMPLETE
2,,2026-05-15 15:41:52.240604,2026-05-15 15:41:56.261659,0 days 00:00:04.021055,0.8447411578889518,0.015254729458052608,6,27,345,30,0.7164916560792167,,,,,,PRUNED
3,,2026-05-15 15:41:56.261901,2026-05-15 15:41:59.302909,0 days 00:00:03.041008,0.8056937753654446,0.019594972058679168,5,42,311,33,0.6798695128633439,,,,,,PRUNED
4,,2026-05-15 15:41:59.303123,2026-05-15 15:42:03.742357,0 days 00:00:04.439234,0.9862528132298237,0.011128853174905732,4,12,674,45,0.9795542149013333,,,,,,PRUNED
5,,2026-05-15 15:42:03.742577,2026-05-15 15:42:07.799120,0 days 00:00:04.056543,0.798070764044508,0.020165721691808594,7,28,847,20,0.6488152939379115,,,,,,PRUNED
6,,2026-05-15 15:42:07.799344,2026-05-15 15:42:09.827761,0 days 00:00:02.028417,0.8186841117373118,0.08115595675970502,6,22,227,28,0.8080272084711243,,,,,,PRUNED
7,0.5107692307692308,2026-05-15 15:42:09.828000,2026-05-15 15:42:13.148032,0 days 00:00:03.320032,0.9687496940092467,0.09323621351781479,8,46,348,53,0.8391599915244341,0.42,0.0189,0.8504,0.6422,0.8646,COMPLETE
8,,2026-05-15 15:42:13.148271,2026-05-15 15:42:15.927812,0 days 00:00:02.779541,0.9314950036607718,0.015703008378806716,4,25,270,18,0.7085396127095583,,,,,,PRUNED
9,0.5111209964412812,2026-05-15 15:42:15.928037,2026-05-15 15:42:18.478401,0 days 00:00:02.550364,0.9947547746402069,0.01909565280104538,3,42,485,42,0.6298202574719083,0.48,0.0311,0.8554,0.6398,0.8549,COMPLETE
10,0.5127860026917901,2026-05-15 15:42:18.478630,2026-05-15 15:42:24.593520,0 days 00:00:06.114890,0.6060576948411027,0.05083158501542684,8,10,630,63,0.7592173368880707,0.38,0.185,0.8324,0.6398,0.8504,COMPLETE
11,0.5195099818511797,2026-05-15 15:42:24.593810,2026-05-15 15:42:26.816538,0 days 00:00:02.222728,0.6228819843226576,0.04235294798867902,3,35,972,52,0.9193086824158574,0.48,0.0306,0.8572,0.6454,0.8519,COMPLETE
12,0.5211652253072372,2026-05-15 15:42:26.816759,2026-05-15 15:42:29.854509,0 days 00:00:03.037750,0.6275985996354054,0.06034638966699871,5,36,491,60,0.8715792259594303,0.46,0.0236,0.855,0.6467,0.8519,COMPLETE
13,0.5162162162162162,2026-05-15 15:42:29.854754,2026-05-15 15:42:32.641130,0 days 00:00:02.786376,0.6908556046603513,0.06562188556753848,5,19,476,62,0.8592374410233701,0.45,0.0222,0.8532,0.6431,0.8527,COMPLETE
14,0.5194746376811594,2026-05-15 15:42:32.641379,2026-05-15 15:42:36.519370,0 days 00:00:03.877991,0.6974511378278996,0.06527756262716974,7,34,494,57,0.7627531550199292,0.4,0.1216,0.8343,0.6458,0.8534,COMPLETE
15,0.5181859003143242,2026-05-15 15:42:36.519604,2026-05-15 15:42:39.478042,0 days 00:00:02.958438,0.7280794868779525,0.09797562012862501,6,17,716,58,0.8816249586668019,0.44,0.0264,0.8514,0.6463,0.8586,COMPLETE
16,,2026-05-15 15:42:39.478290,2026-05-15 15:42:43.043152,0 days 00:00:03.564862,0.6384788380002184,0.03176063125589943,5,34,568,46,0.6014023293551372,,,,,,PRUNED
17,0.5180831826401446,2026-05-15 15:42:43.043399,2026-05-15 15:42:46.707583,0 days 00:00:03.664184,0.7668058939692798,0.061059588944956396,7,32,417,38,0.7758428741738024,0.44,0.0265,0.8506,0.6445,0.8527,COMPLETE
18,0.5134770889487871,2026-05-15 15:42:46.707863,2026-05-15 15:42:50.139459,0 days 00:00:03.431596,0.6656400711179407,0.02932022841650346,4,39,568,57,0.8136024314946257,0.47,0.0316,0.8553,0.6403,0.8504,COMPLETE
19,,2026-05-15 15:42:50.139699,2026-05-15 15:42:53.363363,0 days 00:00:03.223664,0.87436626601478,0.07423829706616451,6,15,736,49,0.9985678841485178,,,,,,PRUNED
20,0.5166516651665166,2026-05-15 15:42:53.363601,2026-05-15 15:42:56.206182,0 days 00:00:02.842581,0.741949318199026,0.05246981648746541,5,23,405,64,0.9011120201818196,0.46,0.0245,0.8525,0.6439,0.8542,COMPLETE
21,0.5176470588235295,2026-05-15 15:42:56.206438,2026-05-15 15:42:58.344200,0 days 00:00:02.137762,0.6044214006550079,0.03997328716254893,3,37,985,53,0.9298528902087924,0.48,0.0315,0.8575,0.6438,0.8512,COMPLETE
22,0.5140813589628968,2026-05-15 15:42:58.344432,2026-05-15 15:43:00.630532,0 days 00:00:02.286100,0.6341541475881457,0.044592487617883536,4,31,809,53,0.9472908016985485,0.47,0.0296,0.8557,0.6423,0.8557,COMPLETE
23,0.5135736537605696,2026-05-15 15:43:00.630786,2026-05-15 15:43:07.058829,0 days 00:00:06.428043,0.6460986932631541,0.029602448665092002,7,39,563,39,0.8937564266357282,0.42,0.04,0.8455,0.6427,0.8586,COMPLETE
24,0.517163504968383,2026-05-15 15:43:07.059066,2026-05-15 15:43:09.444867,0 days 00:00:02.385801,0.6052643095034231,0.05536202005925596,4,35,996,57,0.8555454825939675,0.47,0.0304,0.8563,0.6436,0.8519,COMPLETE
25,0.5191527715187021,2026-05-15 15:43:09.445134,2026-05-15 15:43:10.645929,0 days 00:00:01.200795,0.7189175222607623,0.07725418249590615,3,29,432,49,0.9529658243749084,0.48,0.0247,0.8575,0.6466,0.8571,COMPLETE
26,,2026-05-15 15:43:10.646178,2026-05-15 15:43:14.477724,0 days 00:00:03.831546,0.6554081478811171,0.03418189950855937,5,43,628,61,0.8317421486061676,,,,,,PRUNED
27,0.517428700769579,2026-05-15 15:43:14.477989,2026-05-15 15:43:18.627877,0 days 00:00:04.149888,0.7595744962152974,0.04478487795910219,6,39,788,44,0.9149184289362499,0.45,0.0238,0.8524,0.6434,0.8504,COMPLETE
28,0.5131052865393159,2026-05-15 15:43:18.628132,2026-05-15 15:43:20.768238,0 days 00:00:02.140106,0.6261097852237434,0.0844252998150282,5,22,531,54,0.8733999407221116,0.45,0.0233,0.8525,0.6426,0.8594,COMPLETE
29,0.5168086060062752,2026-05-15 15:43:20.768471,2026-05-15 15:43:23.511688,0 days 00:00:02.743217,0.6723423154943177,0.0243206349576955,3,47,932,59,0.7405114480881256,0.48,0.0278,0.8567,0.645,0.8579,COMPLETE
30,0.5134408602150538,2026-05-15 15:43:23.511932,2026-05-15 15:43:26.144924,0 days 00:00:02.632992,0.7123321684695728,0.03830116877276402,4,36,901,49,0.7976456067991946,0.47,0.0335,0.8558,0.6409,0.8527,COMPLETE
31,0.5138764547896151,2026-05-15 15:43:26.145164,2026-05-15 15:43:30.183720,0 days 00:00:04.038556,0.6832155890981115,0.06691434763670448,7,33,473,55,0.6892726254813402,0.43,0.0165,0.8506,0.6417,0.8542,COMPLETE
32,0.5216007276034561,2026-05-15 15:43:30.183964,2026-05-15 15:43:34.683824,0 days 00:00:04.499860,0.6983566252490002,0.05752751419389062,7,31,376,51,0.730436850172667,0.44,0.0124,0.8516,0.6475,0.8534,COMPLETE
33,0.5099689853788214,2026-05-15 15:43:34.684065,2026-05-15 15:43:39.949910,0 days 00:00:05.265845,0.6253939450852901,0.04826375696090106,8,27,359,51,0.6498136615809129,0.41,0.0298,0.8431,0.6393,0.8564,COMPLETE
34,0.5168539325842697,2026-05-15 15:43:39.950138,2026-05-15 15:43:43.643809,0 days 00:00:03.693671,0.6640684435892096,0.05951448250168854,6,30,293,47,0.7307778441473035,0.44,0.0232,0.8517,0.6444,0.8557,COMPLETE
35,0.5140436914846188,2026-05-15 15:43:43.644061,2026-05-15 15:43:47.003001,0 days 00:00:03.358940,0.6232032505944682,0.07269732727814636,7,50,387,35,0.7021870721515262,0.43,0.0256,0.8471,0.6429,0.8579,COMPLETE
36,,2026-05-15 15:43:47.003245,2026-05-15 15:43:51.299388,0 days 00:00:04.296143,0.6974307779711008,0.03739255437770735,6,26,521,42,0.675692763336234,,,,,,PRUNED
37,0.5079646017699115,2026-05-15 15:43:51.299613,2026-05-15 15:43:54.735623,0 days 00:00:03.436010,0.6501690770610403,0.08918251656383044,7,42,674,60,0.6688767227674524,0.42,0.016,0.8499,0.6371,0.8542,COMPLETE
38,,2026-05-15 15:43:54.735865,2026-05-15 15:43:58.804108,0 days 00:00:04.068243,0.6010478258046938,0.011134469670150212,8,24,203,23,0.6049446472032879,,,,,,PRUNED
39,,2026-05-15 15:43:58.804353,2026-05-15 15:44:01.788419,0 days 00:00:02.984066,0.7830420562953653,0.05708702589857406,6,37,314,51,0.9721240798504459,,,,,,PRUNED
40,,2026-05-15 15:44:01.788654,2026-05-15 15:44:06.859697,0 days 00:00:05.071043,0.8423811436920813,0.04394268804326693,7,19,440,55,0.7258737260646373,,,,,,PRUNED
41,0.5204918032786885,2026-05-15 15:44:06.859924,2026-05-15 15:44:10.893355,0 days 00:00:04.033431,0.6930600865237524,0.06817710752433259,7,32,502,56,0.7652364032165041,0.44,0.0178,0.8507,0.6458,0.8504,COMPLETE
42,0.5137078651685393,2026-05-15 15:44:10.893590,2026-05-15 15:44:15.425453,0 days 00:00:04.531863,0.674151480955992,0.07034332942819792,8,29,596,47,0.7887515192673944,0.41,0.02,0.8502,0.6405,0.8504,COMPLETE
43,0.5206912232833106,2026-05-15 15:44:15.425691,2026-05-15 15:44:18.692591,0 days 00:00:03.266900,0.7428694463522975,0.08364206546157023,7,32,367,51,0.7478655343068344,0.44,0.0229,0.8506,0.6463,0.8519,COMPLETE
44,0.5147584973166368,2026-05-15 15:44:18.692831,2026-05-15 15:44:21.422348,0 days 00:00:02.729517,0.744629963655436,0.09983370103472483,7,32,366,43,0.7494526173194799,0.43,0.0273,0.8491,0.643,0.8564,COMPLETE
45,0.5092674315975286,2026-05-15 15:44:21.422599,2026-05-15 15:44:25.670824,0 days 00:00:04.248225,0.7082104192103076,0.08495850839477709,7,13,461,55,0.7729516629214919,0.39,0.0593,0.8372,0.6393,0.8586,COMPLETE
46,,2026-05-15 15:44:25.671075,2026-05-15 15:44:28.534096,0 days 00:00:02.863021,0.8078309921649757,0.07878035947914681,6,27,322,61,0.828681958100428,,,,,,PRUNED
47,0.5175675675675676,2026-05-15 15:44:28.534370,2026-05-15 15:44:32.699343,0 days 00:00:04.164973,0.7400235075817215,0.087907956459217,8,31,515,64,0.7115367095047009,0.42,0.0204,0.8491,0.6448,0.8549,COMPLETE
48,0.5153153153153153,2026-05-15 15:44:32.699572,2026-05-15 15:44:35.785720,0 days 00:00:03.086148,0.7752236916155708,0.06022347347832921,6,21,249,59,0.7473476926734046,0.43,0.0813,0.841,0.642,0.8512,COMPLETE
49,0.5192220714608774,2026-05-15 15:44:35.785957,2026-05-15 15:44:38.328198,0 days 00:00:02.542241,0.6919670356592078,0.06501566759328128,5,29,437,29,0.6980943851552871,0.46,0.0241,0.8532,0.6459,0.8542,COMPLETE
