number,value,datetime_start,datetime_complete,duration,params_bagging_temperature,params_border_count,params_depth,params_iterations,params_l2_leaf_reg,params_learning_rate,params_random_strength,state
0,0.7791737007049577,2026-05-15 02:23:33.737855,2026-05-15 02:23:34.195612,0 days 00:00:00.457757,0.15601864044243652,45,9,500,0.24810409748678114,0.17254716573280354,0.004207053950287938,COMPLETE
1,0.7756390157844537,2026-05-15 02:23:34.195833,2026-05-15 02:23:34.719831,0 days 00:00:00.523998,0.9699098521619943,79,8,893,0.0012087541473056963,0.06054365855469249,2.136832907235876,COMPLETE
2,0.7940326733170301,2026-05-15 02:23:34.720053,2026-05-15 02:23:35.543184,0 days 00:00:00.823131,0.43194501864211576,169,6,345,0.12561043700013563,0.017322667470546258,0.014618962793704969,COMPLETE
3,0.7891285920209982,2026-05-15 02:23:35.543412,2026-05-15 02:23:36.272301,0 days 00:00:00.728889,0.7851759613930136,147,6,311,0.06672367170464209,0.023993242906812717,0.006290644294586149,COMPLETE
4,0.7795593118236387,2026-05-15 02:23:36.272521,2026-05-15 02:23:38.839083,0 days 00:00:02.566562,0.06505159298527952,248,8,674,0.004809461967501573,0.011492999300221412,6.24513957474307,COMPLETE
5,0.7978717880680719,2026-05-15 02:23:38.839328,2026-05-15 02:23:39.895565,0 days 00:00:01.056237,0.4401524937396013,142,4,847,0.5456725485601478,0.02490643969382439,0.003077180271250686,COMPLETE
6,0.7981273083239506,2026-05-15 02:23:39.895813,2026-05-15 02:23:40.409370,0 days 00:00:00.513557,0.31171107608941095,154,5,227,0.44677528179739073,0.15242391728466365,0.12030178871154672,COMPLETE
7,0.7896920561384384,2026-05-15 02:23:40.409599,2026-05-15 02:23:41.616700,0 days 00:00:01.207101,0.8948273504276488,238,9,348,5.727904470799624,0.18258230439200232,0.24637685958997463,COMPLETE
8,0.7988000659777252,2026-05-15 02:23:41.616958,2026-05-15 02:23:42.720613,0 days 00:00:01.103655,0.388677289689482,217,4,270,0.02001342062287998,0.017987863473362915,0.01217295809836997,COMPLETE
9,0.7795172868811899,2026-05-15 02:23:42.720838,2026-05-15 02:23:43.506976,0 days 00:00:00.786138,0.8021969807540397,253,7,485,0.003661819220392431,0.023200867504756816,0.0019870215385428634,COMPLETE
10,0.7994221928987887,2026-05-15 02:23:43.507200,2026-05-15 02:23:44.112132,0 days 00:00:00.604932,0.6400885024675562,195,4,611,0.024400771927662247,0.05298668130616353,0.03320258070519291,COMPLETE
11,0.798275614776142,2026-05-15 02:23:44.112380,2026-05-15 02:23:44.697393,0 days 00:00:00.585013,0.617454472993021,194,4,699,0.025926173236423863,0.055245878781596404,0.035382156320986916,COMPLETE
12,0.7990405261006447,2026-05-15 02:23:44.697619,2026-05-15 02:23:45.162287,0 days 00:00:00.464668,0.6198942765704727,204,4,578,0.01680081571348859,0.0817954206409594,0.03551213771944444,COMPLETE
13,0.7914642752131726,2026-05-15 02:23:45.162519,2026-05-15 02:23:45.571923,0 days 00:00:00.409404,0.6911059707613716,191,5,508,0.013486757455286177,0.08786255796996392,0.05417477918314546,COMPLETE
14,0.7968127738613464,2026-05-15 02:23:45.572203,2026-05-15 02:23:46.006187,0 days 00:00:00.433984,0.5908077985215608,113,5,724,0.04652629106902198,0.09258672313898965,0.45042834710787105,COMPLETE
15,0.7752197703688299,2026-05-15 02:23:46.006435,2026-05-15 02:23:46.579790,0 days 00:00:00.573355,0.5882424604946894,204,6,987,0.0062705605260907505,0.036728197616074675,0.02750886151011289,COMPLETE
16,0.7996118788591591,2026-05-15 02:23:46.580014,2026-05-15 02:23:47.144050,0 days 00:00:00.564036,0.2591086449486565,115,4,590,2.167803003957425,0.09772289630299934,0.0010954266271968453,COMPLETE
17,0.7776858312834819,2026-05-15 02:23:47.144278,2026-05-15 02:23:47.860037,0 days 00:00:00.715759,0.27344649214332295,106,10,631,2.7409117537713876,0.12193673293336887,0.0010446251525877421,COMPLETE
18,0.8013719781126066,2026-05-15 02:23:47.860265,2026-05-15 02:23:48.693210,0 days 00:00:00.832945,0.0013371284482431856,112,5,818,1.0279007946288032,0.03939138483220864,0.8088332704222068,COMPLETE
19,0.7993830365530942,2026-05-15 02:23:48.693429,2026-05-15 02:23:49.527943,0 days 00:00:00.834514,0.0058791588729439894,76,5,812,1.4904625731678935,0.03702917556373974,0.7334512084242886,COMPLETE
20,0.7922889250650813,2026-05-15 02:23:49.528176,2026-05-15 02:23:50.419746,0 days 00:00:00.891570,0.17133381499578643,123,7,768,7.259890519648893,0.03696971126716002,1.025935840264162,COMPLETE
21,0.7948890211630726,2026-05-15 02:23:50.419992,2026-05-15 02:23:51.376497,0 days 00:00:00.956505,0.15600021502129907,87,4,578,1.361350717285513,0.06931156519965907,7.910094141064709,COMPLETE
22,0.7988826098493269,2026-05-15 02:23:51.376722,2026-05-15 02:23:52.074173,0 days 00:00:00.697451,0.2778398663051061,172,5,411,0.9688933861704258,0.04847583313925319,0.13151981628182155,COMPLETE
23,0.7978773818317424,2026-05-15 02:23:52.074408,2026-05-15 02:23:52.609108,0 days 00:00:00.534700,0.12463749795349335,49,4,971,0.14293212352893447,0.11563903644497156,2.912877606666296,COMPLETE
24,0.7983121893847578,2026-05-15 02:23:52.609366,2026-05-15 02:23:53.208560,0 days 00:00:00.599194,0.48948790877373494,128,6,639,3.2217839394426764,0.04578915213827846,0.0010040991577409542,COMPLETE
25,0.7991403532676903,2026-05-15 02:23:53.208788,2026-05-15 02:23:54.089567,0 days 00:00:00.880779,0.35148970325966794,100,5,914,0.28146510378980205,0.031371647918728235,0.21525123598776086,COMPLETE
26,0.7991603617300508,2026-05-15 02:23:54.089860,2026-05-15 02:23:54.749678,0 days 00:00:00.659818,0.24768282962956345,170,4,765,9.769656942728037,0.06274546583604665,0.013372501428914574,COMPLETE
27,0.7961412353611922,2026-05-15 02:23:54.749904,2026-05-15 02:23:55.266474,0 days 00:00:00.516570,0.0023003884147894576,60,5,437,2.8543791656485555,0.1267146541717139,1.8168077007519527,COMPLETE
28,0.7916858743124331,2026-05-15 02:23:55.266695,2026-05-15 02:23:55.819845,0 days 00:00:00.553150,0.7061895268886615,135,6,558,0.8326795425576268,0.0747227942263939,0.3707408943863085,COMPLETE
29,0.7999370343012457,2026-05-15 02:23:55.820076,2026-05-15 02:23:56.335865,0 days 00:00:00.515789,0.20481908634776835,92,4,512,0.31234283380761896,0.09607571294478556,0.06944628007275629,COMPLETE
30,0.7897723051326366,2026-05-15 02:23:56.336103,2026-05-15 02:23:56.717915,0 days 00:00:00.381812,0.20629152181849095,36,5,481,0.22680884055186343,0.0992478846871815,0.00600730647527837,COMPLETE
31,0.7982769056446813,2026-05-15 02:23:56.718140,2026-05-15 02:23:57.335678,0 days 00:00:00.617538,0.08348720852689531,92,4,541,0.36077511779989785,0.05095697986197004,0.0592318878028085,COMPLETE
32,0.7919593232980258,2026-05-15 02:23:57.335911,2026-05-15 02:23:57.777065,0 days 00:00:00.441154,0.5231991493554836,117,4,622,0.04957659490703918,0.1508829568554855,0.08994773174881646,COMPLETE
33,0.7998823158181595,2026-05-15 02:23:57.777319,2026-05-15 02:23:58.488027,0 days 00:00:00.710708,0.08286740454691059,71,4,410,0.1710300432937698,0.06490184741431605,0.019289298728937865,COMPLETE
34,0.7986042842492523,2026-05-15 02:23:58.488337,2026-05-15 02:23:59.074566,0 days 00:00:00.586229,0.07952556725618254,69,5,357,0.2042282336383016,0.06792478992700342,0.0061817686958953325,COMPLETE
35,0.7946563062513894,2026-05-15 02:23:59.074821,2026-05-15 02:23:59.532962,0 days 00:00:00.458141,0.20880100760306003,91,6,406,0.6823031506743746,0.10717717333693046,0.002180476875589503,COMPLETE
36,0.7713444395837666,2026-05-15 02:23:59.533205,2026-05-15 02:24:00.006914,0 days 00:00:00.473709,0.05255760314187258,53,8,439,0.08596504975799779,0.14410658900609613,0.018356888605858133,COMPLETE
37,0.8017857014794788,2026-05-15 02:24:00.007159,2026-05-15 02:24:01.075207,0 days 00:00:01.068048,0.12611820995366568,68,4,524,1.628002321614264,0.07883405904658358,3.9554325457788333,COMPLETE
38,0.7997365911030473,2026-05-15 02:24:01.075521,2026-05-15 02:24:02.256627,0 days 00:00:01.181106,0.12512199829408466,64,5,295,0.1202766914263258,0.030153855426664707,2.6212127156611738,COMPLETE
39,0.7701874627978859,2026-05-15 02:24:02.256863,2026-05-15 02:24:03.161593,0 days 00:00:00.904730,0.04329521961023018,79,4,517,0.4593310692588657,0.010497131276321781,4.985259432603799,COMPLETE
40,0.7999840792880143,2026-05-15 02:24:03.161831,2026-05-15 02:24:03.820003,0 days 00:00:00.658172,0.1215107322425147,44,6,219,5.057941622300951,0.07820643649946347,1.4519189113878799,COMPLETE
41,0.798967950602764,2026-05-15 02:24:03.820257,2026-05-15 02:24:04.444270,0 days 00:00:00.624013,0.12039191977126693,34,6,217,4.6536840894800156,0.08000349529262865,1.0954961264420855,COMPLETE
42,0.7968572371110363,2026-05-15 02:24:04.444510,2026-05-15 02:24:05.289024,0 days 00:00:00.844514,0.19268371637973733,43,7,257,1.4163474504012976,0.05919902041125113,4.7453956185304005,COMPLETE
43,0.797742557784296,2026-05-15 02:24:05.289266,2026-05-15 02:24:05.965433,0 days 00:00:00.676167,0.11455758987145204,76,6,320,1.0075866489590577,0.04280941785163361,1.463109365627233,COMPLETE
44,0.8028878880673546,2026-05-15 02:24:05.965673,2026-05-15 02:24:06.426183,0 days 00:00:00.460510,0.9986409325592858,59,5,377,0.5597665968281862,0.1994122918885323,3.5011899197220484,COMPLETE
45,0.7937187771172037,2026-05-15 02:24:06.426440,2026-05-15 02:24:06.870427,0 days 00:00:00.443987,0.950298325599391,53,7,354,0.5556781334319035,0.1886849223919635,3.0196269585235043,COMPLETE
46,0.7992256940211272,2026-05-15 02:24:06.870658,2026-05-15 02:24:07.324642,0 days 00:00:00.453984,0.4024977310586947,101,5,466,4.998209619822071,0.13704147824460375,0.6018041490314688,COMPLETE
47,0.7982164499680868,2026-05-15 02:24:07.324881,2026-05-15 02:24:07.853687,0 days 00:00:00.528806,0.787544336540727,61,6,253,1.7683177388323952,0.1650127284779618,4.278754029209191,COMPLETE
48,0.7772225529076814,2026-05-15 02:24:07.853927,2026-05-15 02:24:09.349606,0 days 00:00:01.495679,0.33269760783725444,82,5,671,4.006752455475617,0.013069281065754413,8.661171592590248,COMPLETE
49,0.7713938511628573,2026-05-15 02:24:09.349870,2026-05-15 02:24:10.084197,0 days 00:00:00.734327,0.03447586110816736,150,5,209,0.0010134446798603573,0.019201572958218085,0.2142140859564433,COMPLETE
50,0.7887631327945153,2026-05-15 02:24:10.084442,2026-05-15 02:24:10.854873,0 days 00:00:00.770431,0.8624488017822576,46,6,533,0.2994425650815178,0.04147820982375552,0.9834027752502303,COMPLETE
51,0.8002102681420815,2026-05-15 02:24:10.855099,2026-05-15 02:24:11.679126,0 days 00:00:00.824027,0.15756181923390472,67,4,386,0.2004873441972483,0.06000361375688319,2.0815250535956054,COMPLETE
52,0.8003452356193659,2026-05-15 02:24:11.679370,2026-05-15 02:24:12.183733,0 days 00:00:00.504363,0.16191653522911004,58,4,372,0.5787389116036677,0.08559133472786985,1.936595254019558,COMPLETE
53,0.8009980565256991,2026-05-15 02:24:12.183966,2026-05-15 02:24:13.072456,0 days 00:00:00.888490,0.12664512209671386,33,4,374,2.156880389131554,0.05600954569180084,1.895369141162093,COMPLETE
54,0.7982018918395594,2026-05-15 02:24:13.072689,2026-05-15 02:24:13.754151,0 days 00:00:00.681462,0.1539079871494946,32,4,384,2.071719868525248,0.056213302260856295,3.73919680858452,COMPLETE
55,0.7808657425004122,2026-05-15 02:24:13.754386,2026-05-15 02:24:14.715723,0 days 00:00:00.961337,0.0021720941192562293,55,4,318,0.66139128963659,0.028436086348428036,1.8103880562509116,COMPLETE
56,0.7919915232965915,2026-05-15 02:24:14.715945,2026-05-15 02:24:15.954096,0 days 00:00:01.238151,0.3011884170918581,40,4,384,1.207680283280283,0.03370059763389969,6.440363689729948,COMPLETE
57,0.7908240761325579,2026-05-15 02:24:15.954327,2026-05-15 02:24:16.691581,0 days 00:00:00.737254,0.9927990587395401,64,10,444,0.3903723950548354,0.05379648867370811,9.883990247368263,COMPLETE
58,0.7910293959452385,2026-05-15 02:24:16.691824,2026-05-15 02:24:17.152531,0 days 00:00:00.460707,0.15492095985692014,73,4,301,0.8216892256721117,0.07246694901768333,2.2760526407926736,COMPLETE
59,0.7907535803673238,2026-05-15 02:24:17.152757,2026-05-15 02:24:18.219516,0 days 00:00:01.066759,0.23915066154900155,85,9,378,2.25349439922057,0.026383215003359013,0.6997090234240299,COMPLETE
60,0.7995704993509799,2026-05-15 02:24:18.219760,2026-05-15 02:24:18.714135,0 days 00:00:00.494375,0.4841685970228064,232,4,834,0.0026445448172953,0.08561346841002407,0.42027748388416925,COMPLETE
61,0.8009312899362455,2026-05-15 02:24:18.714353,2026-05-15 02:24:19.795345,0 days 00:00:01.080992,0.09446236335988911,46,5,341,3.448752361477311,0.04024070518506756,1.3719867656022577,COMPLETE
62,0.7898729211637896,2026-05-15 02:24:19.795569,2026-05-15 02:24:20.506278,0 days 00:00:00.710709,0.04677642969926726,56,5,335,1.1957001783831034,0.04004333748684161,1.466709055426527,COMPLETE
63,0.8016511642917075,2026-05-15 02:24:20.506517,2026-05-15 02:24:21.618106,0 days 00:00:01.111589,0.08295056456056923,68,5,465,3.4522511708960644,0.04656565516438152,3.5543009964081445,COMPLETE
64,0.799470887328691,2026-05-15 02:24:21.618341,2026-05-15 02:24:22.365366,0 days 00:00:00.747025,0.10106548237459007,158,5,449,3.24754844087726,0.04522209776407648,3.592540592292715,COMPLETE
65,0.7936947526193874,2026-05-15 02:24:22.365590,2026-05-15 02:24:23.212872,0 days 00:00:00.847282,0.03105455188928989,49,5,491,7.858409439774129,0.04805928061896264,5.453971709646599,COMPLETE
66,0.7999197510058018,2026-05-15 02:24:23.213114,2026-05-15 02:24:24.146203,0 days 00:00:00.933089,0.06946272242568238,41,5,419,1.8475720741522814,0.03484391386687169,0.9415879205604312,COMPLETE
67,0.8002085469840291,2026-05-15 02:24:24.146444,2026-05-15 02:24:25.332827,0 days 00:00:01.186383,0.7148704077773836,60,5,468,2.783971013791768,0.039216841082429926,6.82120696194321,COMPLETE
68,0.8026099927567931,2026-05-15 02:24:25.333058,2026-05-15 02:24:26.472141,0 days 00:00:01.139083,0.02215629066108256,100,4,911,7.722920668735259,0.05042640173813166,3.105847454362208,COMPLETE
69,0.7975327916466463,2026-05-15 02:24:26.472389,2026-05-15 02:24:28.182434,0 days 00:00:01.710045,0.018392160697344298,99,5,900,8.254543086766065,0.02193834317991492,3.1473719200934704,COMPLETE
70,0.8016196097274115,2026-05-15 02:24:28.182668,2026-05-15 02:24:29.045160,0 days 00:00:00.862492,0.22766097223870074,108,4,924,6.4503772509028074,0.05076972593486438,0.5598865432781667,COMPLETE
71,0.8005581572134453,2026-05-15 02:24:29.045383,2026-05-15 02:24:29.816754,0 days 00:00:00.771371,0.08178499388542698,111,4,970,6.292254637275882,0.04979145596183668,0.279519508177478,COMPLETE
72,0.8013026297860744,2026-05-15 02:24:29.816993,2026-05-15 02:24:30.794010,0 days 00:00:00.977017,0.09826490851822034,125,4,934,3.295231331038001,0.04526808037594371,1.3010707423848162,COMPLETE
73,0.8005905006418486,2026-05-15 02:24:30.794237,2026-05-15 02:24:31.531029,0 days 00:00:00.736792,0.23617790440449196,126,4,923,9.808738670935387,0.045595873555545535,0.607624827213538,COMPLETE
74,0.8029817628961352,2026-05-15 02:24:31.531261,2026-05-15 02:24:32.541170,0 days 00:00:01.009909,0.06115316709286949,134,4,871,6.537456816427698,0.05454753254839997,2.4727021054493887,COMPLETE
75,0.8010240890412433,2026-05-15 02:24:32.541387,2026-05-15 02:24:33.347922,0 days 00:00:00.806535,0.057966576942734285,133,4,937,5.939278230762803,0.06531963511396995,2.4431562539997347,COMPLETE
76,0.7893988138352421,2026-05-15 02:24:33.348160,2026-05-15 02:24:34.246079,0 days 00:00:00.897919,0.0020278105926222686,141,8,873,4.092328348718514,0.032109815755504575,1.157008170900913,COMPLETE
77,0.8011349603057923,2026-05-15 02:24:34.246305,2026-05-15 02:24:35.212507,0 days 00:00:00.966202,0.552572470870253,121,4,880,6.780235279709702,0.03693956084188855,0.7831757687484059,COMPLETE
78,0.800533056991846,2026-05-15 02:24:35.212736,2026-05-15 02:24:36.273934,0 days 00:00:01.061198,0.05859800957668923,108,4,999,3.933027912133074,0.05094424749092441,3.9544524441234623,COMPLETE
79,0.7976552807280499,2026-05-15 02:24:36.274161,2026-05-15 02:24:37.223140,0 days 00:00:00.948979,0.18347987606079497,162,4,801,2.836253038547222,0.04525194830924676,5.8950435169685385,COMPLETE
80,0.8030960047618705,2026-05-15 02:24:37.223371,2026-05-15 02:24:38.369106,0 days 00:00:01.145735,0.02869114915887097,134,4,853,5.179788415065504,0.06030538921714694,2.7386642114959456,COMPLETE
81,0.801683507720111,2026-05-15 02:24:38.369336,2026-05-15 02:24:39.409266,0 days 00:00:01.039930,0.03030376570194357,138,4,947,5.367522874054854,0.0584492063971688,3.2694382018688177,COMPLETE
82,0.7995434628265718,2026-05-15 02:24:39.409505,2026-05-15 02:24:40.386724,0 days 00:00:00.977219,0.02853672251587138,146,4,853,5.2005630502381415,0.0609595719052053,2.832225958604283,COMPLETE
83,0.8005955924010872,2026-05-15 02:24:40.386963,2026-05-15 02:24:41.192426,0 days 00:00:00.805463,0.027484080552927066,136,4,796,9.988022071237603,0.07141094286955631,7.635387074172263,COMPLETE
84,0.7889336708715513,2026-05-15 02:24:41.192663,2026-05-15 02:24:42.054153,0 days 00:00:00.861490,0.13535802014015286,115,5,945,7.7431937965056985,0.05361629042240562,5.178200597128567,COMPLETE
85,0.8020323290854197,2026-05-15 02:24:42.054390,2026-05-15 02:24:43.001886,0 days 00:00:00.947496,0.0666776426400077,105,4,854,5.713320088157751,0.05869160803362635,3.5690976476969087,COMPLETE
86,0.8020831749628875,2026-05-15 02:24:43.002120,2026-05-15 02:24:44.045960,0 days 00:00:01.043840,0.064867875286376,104,4,956,4.498262724312137,0.05741556274417371,4.188336416166582,COMPLETE
87,0.7971999627082421,2026-05-15 02:24:44.046198,2026-05-15 02:24:44.758848,0 days 00:00:00.712650,0.06271429888194734,175,4,972,4.211094731341297,0.06510427649936934,3.683344703825001,COMPLETE
88,0.7873785328561901,2026-05-15 02:24:44.759078,2026-05-15 02:24:45.441535,0 days 00:00:00.682457,0.08994972709639479,99,4,862,2.39799654603065,0.058412305521732766,4.647208750331505,COMPLETE
89,0.7992357341097669,2026-05-15 02:24:45.441776,2026-05-15 02:24:45.969101,0 days 00:00:00.527325,0.6614730634683479,141,4,894,1.6595221300690817,0.17350524098276618,3.2017715231218484,COMPLETE
90,0.8005070961912207,2026-05-15 02:24:45.969342,2026-05-15 02:24:46.823233,0 days 00:00:00.853891,0.04532930328720396,131,4,822,4.979257456994978,0.06776295545761153,2.415958418196518,COMPLETE
91,0.8014535896902633,2026-05-15 02:24:46.823476,2026-05-15 02:24:47.696963,0 days 00:00:00.873487,0.7518812899250442,106,4,912,7.306721749375276,0.07621477281605529,1.6439725105728558,COMPLETE
92,0.8019439045904719,2026-05-15 02:24:47.697205,2026-05-15 02:24:48.933565,0 days 00:00:01.236360,0.13896847121034778,94,4,952,5.690098883569078,0.048648110069477606,4.407775212625611,COMPLETE
93,0.8023496676013511,2026-05-15 02:24:48.933783,2026-05-15 02:24:50.041753,0 days 00:00:01.107970,0.10538374813661888,95,4,964,5.533160778192759,0.05682175879285485,6.754748725173348,COMPLETE
94,0.8036296354730675,2026-05-15 02:24:50.042023,2026-05-15 02:24:51.260576,0 days 00:00:01.218553,0.14101703059958665,94,4,970,5.7611537248189,0.05803405598629888,7.840608034559853,COMPLETE
95,0.8011452155391887,2026-05-15 02:24:51.260800,2026-05-15 02:24:52.314524,0 days 00:00:01.053724,0.14062674446122755,88,4,971,5.883667819316883,0.06222427159422345,8.940123823360661,COMPLETE
96,0.8014464181983777,2026-05-15 02:24:52.314750,2026-05-15 02:24:53.422494,0 days 00:00:01.107744,0.8353399846240435,102,4,764,8.222582022724348,0.05194408625101773,6.738090183647141,COMPLETE
97,0.7988923630782913,2026-05-15 02:24:53.422720,2026-05-15 02:24:54.001853,0 days 00:00:00.579133,0.18236067207116047,94,4,905,4.227898446104149,0.19781439934458883,4.437434994861699,COMPLETE
98,0.7952564166923646,2026-05-15 02:24:54.002097,2026-05-15 02:24:54.951948,0 days 00:00:00.949851,0.10367834417410196,82,4,996,2.5950340009057786,0.05591417335787835,6.017273111256257,COMPLETE
99,0.8021050480131382,2026-05-15 02:24:54.952185,2026-05-15 02:24:55.942522,0 days 00:00:00.990337,0.13864324823135057,95,4,881,8.341414327274846,0.07019964639929047,8.34251645314106,COMPLETE
