number,value,datetime_start,datetime_complete,duration,params_colsample_bytree,params_learning_rate,params_max_depth,params_min_child_samples,params_n_estimators,params_num_leaves,params_subsample,user_attrs_best_thr,user_attrs_fold_recall_std,user_attrs_oof_auc,user_attrs_oof_f1,user_attrs_oof_recall,state
0,0.2597402597402597,2026-05-15 17:06:54.576770,2026-05-15 17:06:57.358960,0 days 00:00:02.782190,0.6232334448672797,0.08927180304353628,6,16,500,51,0.662397808134481,0.41,0.0235,0.7926,0.3923,0.8012,COMPLETE
1,0.26442548921224285,2026-05-15 17:06:57.359269,2026-05-15 17:06:59.050987,0 days 00:00:01.691718,0.6849356442713105,0.039913058785616795,3,49,893,50,0.9329770563201687,0.49,0.0328,0.8084,0.3989,0.812,COMPLETE
2,,2026-05-15 17:06:59.052289,2026-05-15 17:07:03.158064,0 days 00:00:04.105775,0.8447411578889518,0.015254729458052608,6,27,345,30,0.7164916560792167,,,,,,PRUNED
3,,2026-05-15 17:07:03.158306,2026-05-15 17:07:06.220008,0 days 00:00:03.061702,0.8056937753654446,0.019594972058679168,5,42,311,33,0.6798695128633439,,,,,,PRUNED
4,,2026-05-15 17:07:06.220245,2026-05-15 17:07:09.084192,0 days 00:00:02.863947,0.9862528132298237,0.011128853174905732,4,12,674,45,0.9795542149013333,,,,,,PRUNED
5,,2026-05-15 17:07:09.084426,2026-05-15 17:07:12.112698,0 days 00:00:03.028272,0.798070764044508,0.020165721691808594,7,28,847,20,0.6488152939379115,,,,,,PRUNED
6,0.25936739659367397,2026-05-15 17:07:12.112913,2026-05-15 17:07:13.882300,0 days 00:00:01.769387,0.8186841117373118,0.08115595675970502,6,22,227,28,0.8080272084711243,0.36,0.1443,0.798,0.3942,0.8213,COMPLETE
7,0.26010983524712933,2026-05-15 17:07:13.882537,2026-05-15 17:07:16.567088,0 days 00:00:02.684551,0.9687496940092467,0.09323621351781479,8,46,348,53,0.8391599915244341,0.38,0.0499,0.7991,0.3929,0.8028,COMPLETE
8,0.257590597453477,2026-05-15 17:07:16.567334,2026-05-15 17:07:19.357824,0 days 00:00:02.790490,0.9314950036607718,0.015703008378806716,4,25,270,18,0.7085396127095583,0.45,0.1527,0.7962,0.3909,0.8105,COMPLETE
9,,2026-05-15 17:07:19.358075,2026-05-15 17:07:21.047298,0 days 00:00:01.689223,0.9947547746402069,0.01909565280104538,3,42,485,42,0.6298202574719083,,,,,,PRUNED
10,0.26004962779156326,2026-05-15 17:07:21.047565,2026-05-15 17:07:22.396914,0 days 00:00:01.349349,0.6323550505495388,0.045220343877834406,3,36,984,63,0.9630659181130072,0.49,0.0269,0.8081,0.3934,0.8074,COMPLETE
11,0.2598112270243418,2026-05-15 17:07:22.397244,2026-05-15 17:07:26.366314,0 days 00:00:03.969070,0.710589237324792,0.04235294798867902,8,48,715,60,0.8739860241983901,0.39,0.0278,0.7973,0.3929,0.8059,COMPLETE
12,0.2615,2026-05-15 17:07:26.366569,2026-05-15 17:07:29.685210,0 days 00:00:03.318641,0.7058638531855117,0.057762061616613375,8,48,996,53,0.8844557849230781,0.39,0.0592,0.7997,0.3949,0.8059,COMPLETE
13,0.2620215897939156,2026-05-15 17:07:29.685458,2026-05-15 17:07:32.710942,0 days 00:00:03.025484,0.6908556046603515,0.05816035933732946,7,50,999,53,0.9087718335040773,0.4,0.0407,0.7997,0.3975,0.8228,COMPLETE
14,0.258399209486166,2026-05-15 17:07:32.711172,2026-05-15 17:07:37.619915,0 days 00:00:04.908743,0.6990709654796049,0.029342479624301004,7,35,847,47,0.9318813999132,0.4,0.0362,0.8015,0.3913,0.8059,COMPLETE
15,,2026-05-15 17:07:37.620164,2026-05-15 17:07:39.957501,0 days 00:00:02.337337,0.7442882111147838,0.029684667413844616,5,50,856,57,0.9149104718757401,,,,,,PRUNED
16,0.26097804391217566,2026-05-15 17:07:39.957724,2026-05-15 17:07:43.183057,0 days 00:00:03.225333,0.6607055468518968,0.061654628965061346,7,37,914,38,0.9877079408194872,0.4,0.0096,0.8008,0.3943,0.8059,COMPLETE
17,0.2594409024031388,2026-05-15 17:07:43.183307,2026-05-15 17:07:44.929738,0 days 00:00:01.746431,0.7546985581315012,0.03872536207994041,4,42,724,38,0.8181122178178346,0.47,0.0178,0.807,0.3936,0.8151,COMPLETE
18,0.26078234704112335,2026-05-15 17:07:44.929975,2026-05-15 17:07:46.903038,0 days 00:00:01.973063,0.6052716857523694,0.06295622637867052,5,34,792,48,0.7555076779145545,0.44,0.0397,0.8013,0.3935,0.8012,COMPLETE
19,0.26531645569620255,2026-05-15 17:07:46.903306,2026-05-15 17:07:48.490404,0 days 00:00:01.587098,0.665622214390892,0.033246381709993965,3,43,925,57,0.8694719116934351,0.5,0.0239,0.8079,0.3994,0.8074,COMPLETE
20,0.25997045790251105,2026-05-15 17:07:48.490644,2026-05-15 17:07:50.034527,0 days 00:00:01.543883,0.866375823657107,0.02571229104369508,3,43,659,64,0.7730982444721965,0.49,0.0126,0.8075,0.394,0.8136,COMPLETE
21,0.2613240418118467,2026-05-15 17:07:50.034758,2026-05-15 17:07:51.765505,0 days 00:00:01.730747,0.6681978987775602,0.03622646337618903,3,50,930,57,0.8703641931364378,0.49,0.0436,0.8083,0.395,0.8089,COMPLETE
22,0.26245019920318724,2026-05-15 17:07:51.765754,2026-05-15 17:07:53.536187,0 days 00:00:01.770433,0.7567912466208695,0.04792932391418943,4,45,914,56,0.9329198585918606,0.47,0.0394,0.8077,0.3967,0.812,COMPLETE
23,0.26310483870967744,2026-05-15 17:07:53.536433,2026-05-15 17:07:55.233521,0 days 00:00:01.697088,0.7602589258597592,0.043840039513067856,4,39,807,58,0.9464322236819168,0.48,0.0326,0.8064,0.3965,0.8043,COMPLETE
24,0.2614928324270885,2026-05-15 17:07:55.233754,2026-05-15 17:07:57.180097,0 days 00:00:01.946343,0.738584506507603,0.025324462927066506,3,39,774,49,0.9563614546239996,0.49,0.0259,0.8084,0.396,0.8151,COMPLETE
25,0.2582716049382716,2026-05-15 17:07:57.180349,2026-05-15 17:07:59.332996,0 days 00:00:02.152647,0.6523873114644054,0.03549588869698498,4,31,604,59,0.845953287745711,0.47,0.0286,0.8043,0.3912,0.8059,COMPLETE
26,0.259222333000997,2026-05-15 17:07:59.333240,2026-05-15 17:08:00.318736,0 days 00:00:00.985496,0.7809509788543206,0.07095993631254198,3,40,790,44,0.8982895892547735,0.49,0.0211,0.8069,0.3917,0.8012,COMPLETE
27,0.26006961710591747,2026-05-15 17:08:00.319089,2026-05-15 17:08:01.944094,0 days 00:00:01.625005,0.722661579879925,0.04754602697128895,4,32,879,61,0.942387002905389,0.47,0.0268,0.8051,0.3932,0.8059,COMPLETE
28,0.2670076726342711,2026-05-15 17:08:01.944329,2026-05-15 17:08:03.563686,0 days 00:00:01.619357,0.6815758580955628,0.033542250465756325,3,45,505,55,0.8569070493304349,0.49,0.0219,0.8071,0.4009,0.8043,COMPLETE
29,0.2652749490835031,2026-05-15 17:08:03.563918,2026-05-15 17:08:05.707390,0 days 00:00:02.143472,0.6223415792587438,0.02515500314470519,3,45,486,53,0.7770350074620342,0.49,0.0237,0.8064,0.3988,0.8028,COMPLETE
30,0.2694300518134715,2026-05-15 17:08:05.707684,2026-05-15 17:08:09.619158,0 days 00:00:03.911474,0.6253861525439248,0.025258064296712224,5,45,449,53,0.77472028921694,0.46,0.0182,0.8056,0.4033,0.8012,COMPLETE
31,0.26639344262295084,2026-05-15 17:08:09.619395,2026-05-15 17:08:13.786052,0 days 00:00:04.166657,0.6027375165542506,0.023912362147784496,5,45,473,54,0.7692238030378102,0.46,0.0241,0.806,0.3998,0.8012,COMPLETE
32,0.2654075546719682,2026-05-15 17:08:13.786287,2026-05-15 17:08:16.819561,0 days 00:00:03.033274,0.6015050908141895,0.031621698292382226,5,46,432,55,0.7427970560356261,0.45,0.0179,0.8046,0.4014,0.8228,COMPLETE
33,0.2612568035625928,2026-05-15 17:08:16.819797,2026-05-15 17:08:20.998116,0 days 00:00:04.178319,0.6026908839126084,0.02252317382613511,5,46,423,51,0.7319393047525522,0.43,0.0921,0.7994,0.3955,0.8136,COMPLETE
34,0.26223776223776224,2026-05-15 17:08:20.998357,2026-05-15 17:08:25.064266,0 days 00:00:04.065909,0.62945480332058,0.028764950902977444,6,47,542,55,0.7418968070627033,0.43,0.0183,0.8031,0.3961,0.8089,COMPLETE
35,0.26091269841269843,2026-05-15 17:08:25.064513,2026-05-15 17:08:29.110337,0 days 00:00:04.045824,0.6407913685599131,0.015932391053233845,5,21,412,46,0.6997162173363397,0.42,0.1014,0.7995,0.3947,0.8105,COMPLETE
36,,2026-05-15 17:08:29.110585,2026-05-15 17:08:35.168499,0 days 00:00:06.057914,0.6026323473857408,0.01279426945860442,6,40,424,61,0.7835096813419846,,,,,,PRUNED
37,0.26495726495726496,2026-05-15 17:08:35.168722,2026-05-15 17:08:38.666504,0 days 00:00:03.497782,0.6744655716629784,0.021883950797773465,5,44,545,50,0.6807809435116113,0.44,0.0856,0.8022,0.3995,0.812,COMPLETE
38,0.2574938574938575,2026-05-15 17:08:38.666731,2026-05-15 17:08:43.182663,0 days 00:00:04.515932,0.6207658235613494,0.017921458600297417,5,10,371,43,0.8206631609315278,0.4,0.1562,0.7913,0.3905,0.8074,COMPLETE
39,0.2637695805962607,2026-05-15 17:08:43.182904,2026-05-15 17:08:46.539272,0 days 00:00:03.356368,0.6459099431458509,0.03190117706280126,6,37,533,30,0.7959323272823238,0.42,0.0322,0.8016,0.3973,0.8043,COMPLETE
40,,2026-05-15 17:08:46.539503,2026-05-15 17:08:48.622531,0 days 00:00:02.083028,0.8951482187412004,0.023411225049727515,5,18,595,51,0.7494861593720038,,,,,,PRUNED
41,0.2578125,2026-05-15 17:08:48.622770,2026-05-15 17:08:50.713175,0 days 00:00:02.090405,0.684340731903069,0.03389566011646809,4,42,458,55,0.8533179662717505,0.44,0.0932,0.7978,0.3915,0.8136,COMPLETE
42,0.2548732943469786,2026-05-15 17:08:50.713400,2026-05-15 17:08:52.881470,0 days 00:00:02.168070,0.6553589313598337,0.028189953221339745,4,47,301,62,0.6010671845109126,0.43,0.1266,0.7943,0.3873,0.8059,COMPLETE
43,0.2625,2026-05-15 17:08:52.881707,2026-05-15 17:08:55.772296,0 days 00:00:02.890589,0.6193042828039619,0.03285631503692912,5,44,394,55,0.8289554209964176,0.45,0.0236,0.804,0.3964,0.8089,COMPLETE
44,0.25632295719844356,2026-05-15 17:08:55.772533,2026-05-15 17:08:58.930637,0 days 00:00:03.158104,0.6399514785154772,0.03897623581931274,6,41,583,59,0.7973336241630447,0.42,0.0277,0.8036,0.3896,0.812,COMPLETE
45,0.25766567754698316,2026-05-15 17:08:58.930885,2026-05-15 17:09:01.441826,0 days 00:00:02.510941,0.6692004373887092,0.021047639169052612,4,48,475,22,0.7227548751978928,0.44,0.1266,0.7967,0.3901,0.8028,COMPLETE
46,,2026-05-15 17:09:01.442066,2026-05-15 17:09:03.160566,0 days 00:00:01.718500,0.6133600036615126,0.01855439135187481,3,27,333,53,0.7625777756298355,,,,,,PRUNED
47,0.2633434038267875,2026-05-15 17:09:03.160824,2026-05-15 17:09:06.720340,0 days 00:00:03.559516,0.6321268502283235,0.025570719510257578,5,44,456,48,0.8616661280430248,0.44,0.0282,0.8016,0.397,0.8059,COMPLETE
48,0.2591508052708638,2026-05-15 17:09:06.720569,2026-05-15 17:09:10.038130,0 days 00:00:03.317561,0.6835270801902763,0.030866695837271755,6,46,220,41,0.8881973956416813,0.41,0.0278,0.8037,0.3936,0.8182,COMPLETE
49,0.2623688155922039,2026-05-15 17:09:10.038364,2026-05-15 17:09:11.611340,0 days 00:00:01.572976,0.7150167432912341,0.02815433924866693,3,48,509,64,0.829172020887504,0.49,0.0149,0.8073,0.3962,0.8089,COMPLETE
50,,2026-05-15 17:09:11.611574,2026-05-15 17:09:13.155759,0 days 00:00:01.544185,0.826206658623486,0.04084383206288226,4,39,266,54,0.6777578281293373,,,,,,PRUNED
51,0.25938735177865613,2026-05-15 17:09:13.155987,2026-05-15 17:09:15.380177,0 days 00:00:02.224190,0.6194158216208738,0.02446648949985358,3,45,444,51,0.7765304893756142,0.49,0.0329,0.8081,0.3928,0.8089,COMPLETE
52,0.26649746192893403,2026-05-15 17:09:15.380418,2026-05-15 17:09:16.764318,0 days 00:00:01.383900,0.6013529850375153,0.052081784728601054,3,43,503,52,0.8015645397927998,0.49,0.0258,0.8073,0.4009,0.8089,COMPLETE
53,0.26195219123505975,2026-05-15 17:09:16.764546,2026-05-15 17:09:18.156200,0 days 00:00:01.391654,0.6011059343181872,0.049929985362711655,3,43,511,57,0.806227780922381,0.49,0.0198,0.8082,0.3959,0.8105,COMPLETE
54,0.27050882658359293,2026-05-15 17:09:18.156447,2026-05-15 17:09:19.458258,0 days 00:00:01.301811,0.6508777812701941,0.05417941179961037,3,49,559,59,0.7052426311890871,0.5,0.0322,0.8089,0.4047,0.8028,COMPLETE
55,0.2599508599508599,2026-05-15 17:09:19.458492,2026-05-15 17:09:20.877833,0 days 00:00:01.419341,0.6451276488379399,0.05552367860784383,4,49,574,59,0.7022339419341771,0.47,0.0364,0.8047,0.3942,0.8151,COMPLETE
56,0.2606516290726817,2026-05-15 17:09:20.878060,2026-05-15 17:09:22.630940,0 days 00:00:01.752880,0.6337886743970078,0.07680373067821802,5,50,647,35,0.7340486881881136,0.45,0.0263,0.8022,0.3933,0.8012,COMPLETE
57,,2026-05-15 17:09:22.631180,2026-05-15 17:09:25.161431,0 days 00:00:02.530251,0.6967610726584873,0.053527465481070166,7,47,627,52,0.6519354564240367,,,,,,PRUNED
58,0.26568825910931176,2026-05-15 17:09:25.161677,2026-05-15 17:09:26.136136,0 days 00:00:00.974459,0.6528880124899283,0.09708669173027216,3,49,376,46,0.7632452916758529,0.49,0.0327,0.8058,0.4,0.8089,COMPLETE
59,0.2613861386138614,2026-05-15 17:09:26.136367,2026-05-15 17:09:27.051229,0 days 00:00:00.914862,0.6600180863024033,0.09938329298706644,3,49,358,47,0.7648520033957895,0.49,0.0231,0.8061,0.3957,0.8136,COMPLETE
60,0.2687564234326824,2026-05-15 17:09:27.051514,2026-05-15 17:09:27.880645,0 days 00:00:00.829131,0.9584360616515397,0.0821062501596309,3,49,381,49,0.7177264507132041,0.5,0.0145,0.8102,0.4031,0.8059,COMPLETE
61,0.25940400586223744,2026-05-15 17:09:27.880890,2026-05-15 17:09:28.828760,0 days 00:00:00.947870,0.7281736297920333,0.07888088017243415,3,49,386,45,0.7148286744166242,0.49,0.0242,0.8075,0.3939,0.8182,COMPLETE
62,0.26294820717131473,2026-05-15 17:09:28.828991,2026-05-15 17:09:29.638333,0 days 00:00:00.809342,0.934558574004523,0.09060410478088243,3,48,323,49,0.6894550609220187,0.5,0.0391,0.8097,0.3974,0.8136,COMPLETE
63,0.2644084934277047,2026-05-15 17:09:29.638595,2026-05-15 17:09:30.445831,0 days 00:00:00.807236,0.9703349146737689,0.08496352217331996,3,46,556,50,0.7842456013930738,0.5,0.0286,0.8091,0.3982,0.8059,COMPLETE
64,0.2620827105132038,2026-05-15 17:09:30.446066,2026-05-15 17:09:31.406716,0 days 00:00:00.960650,0.9064398757288807,0.06784693576698218,3,50,510,46,0.7291821417608081,0.49,0.027,0.8088,0.3961,0.8105,COMPLETE
65,0.26260609086370446,2026-05-15 17:09:31.407035,2026-05-15 17:09:32.357772,0 days 00:00:00.950737,0.8573322698049524,0.06773008300367014,3,41,479,52,0.7586392385606006,0.49,0.0281,0.8063,0.3967,0.8105,COMPLETE
66,0.2648539778449144,2026-05-15 17:09:32.358010,2026-05-15 17:09:33.205042,0 days 00:00:00.847032,0.6775824711773295,0.09793146060710299,3,45,700,48,0.8119625516393192,0.5,0.0306,0.8082,0.3992,0.8105,COMPLETE
67,0.2627332324760464,2026-05-15 17:09:33.205286,2026-05-15 17:09:34.467848,0 days 00:00:01.262562,0.6136882137054076,0.0844738654178155,4,43,395,58,0.7887536360595209,0.47,0.0305,0.802,0.3959,0.8028,COMPLETE
68,0.2651091924834942,2026-05-15 17:09:34.468099,2026-05-15 17:09:38.450788,0 days 00:00:03.982689,0.6547072522062275,0.051317736342608715,8,47,268,40,0.7475895350753168,0.4,0.028,0.7979,0.3988,0.8043,COMPLETE
69,0.26156141223272006,2026-05-15 17:09:38.451029,2026-05-15 17:09:39.593328,0 days 00:00:01.142299,0.6308156771744283,0.06183301913666253,3,50,297,56,0.7123999523418807,0.49,0.0229,0.8079,0.3955,0.8105,COMPLETE
70,0.2596439169139466,2026-05-15 17:09:39.594034,2026-05-15 17:09:40.785813,0 days 00:00:01.191779,0.7854882951513885,0.07357206999971165,4,37,522,44,0.6670924470348586,0.47,0.0205,0.8043,0.3931,0.8089,COMPLETE
71,0.26119402985074625,2026-05-15 17:09:40.786052,2026-05-15 17:09:42.386961,0 days 00:00:01.600909,0.6002482105641932,0.04546405423466494,3,46,434,54,0.7661783280762712,0.48,0.0351,0.8081,0.3949,0.8089,COMPLETE
72,0.26461693548387094,2026-05-15 17:09:42.387216,2026-05-15 17:09:46.958013,0 days 00:00:04.570797,0.6129820553853758,0.020070260605376117,5,48,462,56,0.7333759834378213,0.46,0.0273,0.805,0.3988,0.8089,COMPLETE
73,0.26544155181214907,2026-05-15 17:09:46.958253,2026-05-15 17:09:48.766876,0 days 00:00:01.808623,0.6465594326381133,0.027025085552200526,3,44,490,60,0.7444169085471831,0.5,0.0269,0.8079,0.3988,0.8012,COMPLETE
74,0.26241846462619167,2026-05-15 17:09:48.767128,2026-05-15 17:09:51.010926,0 days 00:00:02.243798,0.6475105749077076,0.026517895644864994,3,44,493,61,0.7514323008035712,0.49,0.039,0.8086,0.3959,0.8059,COMPLETE
75,,2026-05-15 17:09:51.011167,2026-05-15 17:09:52.730927,0 days 00:00:01.719760,0.6649936007137658,0.01747384449503401,3,41,561,60,0.6924233942483621,,,,,,PRUNED
76,0.2626008064516129,2026-05-15 17:09:52.731163,2026-05-15 17:09:53.647878,0 days 00:00:00.916715,0.6943395319959543,0.09269274778977775,3,34,348,63,0.8396314190074413,0.49,0.0263,0.8055,0.3957,0.8028,COMPLETE
77,0.264,2026-05-15 17:09:53.648131,2026-05-15 17:09:55.346612,0 days 00:00:01.698481,0.6267156807665375,0.03622437456077995,3,45,404,52,0.7183872533643555,0.49,0.0322,0.8083,0.3986,0.8136,COMPLETE
78,0.25375302663438254,2026-05-15 17:09:55.346854,2026-05-15 17:09:57.223083,0 days 00:00:01.876229,0.6389482084335113,0.026984060256462727,4,42,368,58,0.7914364447402042,0.43,0.112,0.797,0.3861,0.8074,COMPLETE
79,0.2603550295857988,2026-05-15 17:09:57.223339,2026-05-15 17:09:58.143095,0 days 00:00:00.919756,0.8330195499193229,0.08629892255030779,3,47,487,54,0.7703166537506179,0.49,0.038,0.8093,0.3945,0.8136,COMPLETE
80,,2026-05-15 17:09:58.143338,2026-05-15 17:09:59.693070,0 days 00:00:01.549732,0.9994749883859683,0.010147138911666836,3,49,447,49,0.7402082605103834,,,,,,PRUNED
81,0.26278836509528586,2026-05-15 17:09:59.693319,2026-05-15 17:10:03.903337,0 days 00:00:04.210018,0.6262008664091346,0.030525238136182575,6,43,428,55,0.7545675603492249,0.43,0.0193,0.8033,0.3965,0.8074,COMPLETE
82,0.26294820717131473,2026-05-15 17:10:03.903571,2026-05-15 17:10:07.013386,0 days 00:00:03.109815,0.6149975745128027,0.023496313767104954,5,46,611,60,0.724063321691725,0.43,0.0884,0.7995,0.3974,0.8136,COMPLETE
83,,2026-05-15 17:10:07.013632,2026-05-15 17:10:08.664508,0 days 00:00:01.650876,0.8072038541632849,0.0342663007086404,4,45,527,56,0.803158458513581,,,,,,PRUNED
84,0.2661330665332666,2026-05-15 17:10:08.664739,2026-05-15 17:10:12.732628,0 days 00:00:04.067889,0.6067161763585369,0.021461532074371993,5,47,472,51,0.7424224683883421,0.45,0.0312,0.8038,0.4018,0.8197,COMPLETE
85,0.26021934197407776,2026-05-15 17:10:12.732862,2026-05-15 17:10:15.143599,0 days 00:00:02.410737,0.6108494632220707,0.021743528658815712,3,47,498,51,0.7044256617688684,0.49,0.0306,0.8083,0.3932,0.8043,COMPLETE
86,0.26302478502781995,2026-05-15 17:10:15.143831,2026-05-15 17:10:18.099712,0 days 00:00:02.955881,0.6499550837991461,0.023597523011307128,5,48,468,53,0.7803110095529449,0.42,0.1116,0.7978,0.396,0.8012,COMPLETE
87,0.2588001983143282,2026-05-15 17:10:18.099953,2026-05-15 17:10:19.275533,0 days 00:00:01.175580,0.6382314673465654,0.058628619442676895,3,24,408,50,0.7391095488207335,0.48,0.019,0.8036,0.3916,0.8043,COMPLETE
88,,2026-05-15 17:10:19.275770,2026-05-15 17:10:21.960629,0 days 00:00:02.684859,0.6582726528803258,0.018871182285207747,4,44,544,47,0.8236956586702987,,,,,,PRUNED
89,0.25776699029126215,2026-05-15 17:10:21.960879,2026-05-15 17:10:24.361338,0 days 00:00:02.400459,0.6823769702491186,0.014263918087029454,3,40,381,58,0.8129311531549942,0.48,0.017,0.8064,0.392,0.8182,COMPLETE
90,0.2608695652173913,2026-05-15 17:10:24.361599,2026-05-15 17:10:27.457885,0 days 00:00:03.096286,0.6097800666270194,0.02042103632837803,4,50,572,54,0.7750173343224972,0.45,0.1352,0.7974,0.394,0.8043,COMPLETE
91,0.2681564245810056,2026-05-15 17:10:27.458111,2026-05-15 17:10:29.615599,0 days 00:00:02.157488,0.6242422378891376,0.037862115831054165,5,46,439,16,0.7457685308403227,0.46,0.0077,0.8048,0.4034,0.8136,COMPLETE
92,0.26605504587155965,2026-05-15 17:10:29.615836,2026-05-15 17:10:31.998059,0 days 00:00:02.382223,0.6218061030615392,0.03833732604785399,5,49,442,19,0.7585044705548851,0.46,0.0179,0.8043,0.3998,0.8043,COMPLETE
93,0.2621981271562346,2026-05-15 17:10:31.998330,2026-05-15 17:10:34.063593,0 days 00:00:02.065263,0.6235186059035777,0.042463558878501693,5,49,444,18,0.7615909880019107,0.45,0.0191,0.8046,0.3973,0.8197,COMPLETE
94,0.26984950700570837,2026-05-15 17:10:34.063840,2026-05-15 17:10:36.058333,0 days 00:00:01.994493,0.6340403052812323,0.04103611661130541,5,48,420,16,0.7541330751877409,0.46,0.0226,0.8052,0.4037,0.8012,COMPLETE
95,0.26381284221005474,2026-05-15 17:10:36.058587,2026-05-15 17:10:38.576237,0 days 00:00:02.517650,0.6233645140795865,0.038209314772094764,5,48,416,20,0.7205380373180722,0.45,0.0111,0.8048,0.3988,0.8166,COMPLETE
96,0.26741803278688525,2026-05-15 17:10:38.576474,2026-05-15 17:10:41.175999,0 days 00:00:02.599525,0.6070940216087751,0.040247531011110935,5,47,466,16,0.7273860690811971,0.46,0.0324,0.8048,0.4014,0.8043,COMPLETE
97,0.2658930373360242,2026-05-15 17:10:41.176243,2026-05-15 17:10:43.271123,0 days 00:00:02.094880,0.6065741572974027,0.041228556204115606,5,46,471,16,0.6954682886925088,0.45,0.0308,0.8048,0.4006,0.812,COMPLETE
98,0.2730607966457023,2026-05-15 17:10:43.271365,2026-05-15 17:10:45.557319,0 days 00:00:02.285954,0.6325286192275118,0.04676230719502624,5,47,518,23,0.7081283353210319,0.47,0.0175,0.8062,0.4075,0.8028,COMPLETE
99,0.26581632653061227,2026-05-15 17:10:45.557570,2026-05-15 17:10:47.667706,0 days 00:00:02.110136,0.6708144565881248,0.044031157170311266,5,45,519,25,0.6815797220025924,0.45,0.0324,0.8047,0.3994,0.8028,COMPLETE
