number,value,datetime_start,datetime_complete,duration,params_colsample_bytree,params_learning_rate,params_max_depth,params_min_child_samples,params_n_estimators,params_num_leaves,params_subsample,user_attrs_best_thr,user_attrs_fold_recall_std,user_attrs_oof_auc,user_attrs_oof_f1,user_attrs_oof_recall,state
0,0.2563725490196078,2026-05-15 16:59:48.694104,2026-05-15 16:59:51.381434,0 days 00:00:02.687330,0.6232334448672797,0.08927180304353628,6,16,500,51,0.662397808134481,0.4,0.0381,0.7959,0.389,0.8059,COMPLETE
1,0.25823905558288246,2026-05-15 16:59:51.381772,2026-05-15 16:59:52.737697,0 days 00:00:01.355925,0.6849356442713105,0.039913058785616795,3,49,893,50,0.9329770563201687,0.47,0.0474,0.8019,0.3915,0.8089,COMPLETE
2,,2026-05-15 16:59:52.737972,2026-05-15 16:59:55.441068,0 days 00:00:02.703096,0.8447411578889518,0.015254729458052608,6,27,345,30,0.7164916560792167,,,,,,PRUNED
3,,2026-05-15 16:59:55.441352,2026-05-15 16:59:57.392885,0 days 00:00:01.951533,0.8056937753654446,0.019594972058679168,5,42,311,33,0.6798695128633439,,,,,,PRUNED
4,,2026-05-15 16:59:57.393254,2026-05-15 17:00:00.032323,0 days 00:00:02.639069,0.9862528132298237,0.011128853174905732,4,12,674,45,0.9795542149013333,,,,,,PRUNED
5,,2026-05-15 17:00:00.032546,2026-05-15 17:00:02.053629,0 days 00:00:02.021083,0.798070764044508,0.020165721691808594,7,28,847,20,0.6488152939379115,,,,,,PRUNED
6,,2026-05-15 17:00:02.053855,2026-05-15 17:00:03.896278,0 days 00:00:01.842423,0.8186841117373118,0.08115595675970502,6,22,227,28,0.8080272084711243,,,,,,PRUNED
7,,2026-05-15 17:00:03.896523,2026-05-15 17:00:06.439121,0 days 00:00:02.542598,0.9687496940092467,0.09323621351781479,8,46,348,53,0.8391599915244341,,,,,,PRUNED
8,0.2545454545454545,2026-05-15 17:00:06.439338,2026-05-15 17:00:09.289941,0 days 00:00:02.850603,0.9314950036607718,0.015703008378806716,4,25,270,18,0.7085396127095583,0.44,0.0893,0.7971,0.3885,0.8197,COMPLETE
9,,2026-05-15 17:00:09.290186,2026-05-15 17:00:10.587287,0 days 00:00:01.297101,0.9947547746402069,0.01909565280104538,3,42,485,42,0.6298202574719083,,,,,,PRUNED
10,0.25938735177865613,2026-05-15 17:00:10.587525,2026-05-15 17:00:11.965570,0 days 00:00:01.378045,0.6323550505495388,0.045220343877834406,3,36,984,63,0.9630659181130072,0.49,0.0209,0.8069,0.3928,0.8089,COMPLETE
11,0.2564728871519297,2026-05-15 17:00:11.965823,2026-05-15 17:00:13.353824,0 days 00:00:01.388001,0.6273081880110044,0.04235294798867902,3,35,985,64,0.9866214592657089,0.49,0.0279,0.8068,0.3895,0.8089,COMPLETE
12,,2026-05-15 17:00:13.354084,2026-05-15 17:00:14.797887,0 days 00:00:01.443803,0.6976364392844523,0.04240288366889651,4,35,996,64,0.9049056865468579,,,,,,PRUNED
13,0.26205867727498755,2026-05-15 17:00:14.798124,2026-05-15 17:00:16.011395,0 days 00:00:01.213271,0.6908556046603515,0.04921139543184986,3,50,806,55,0.9087718335040773,0.49,0.0282,0.8071,0.3962,0.812,COMPLETE
14,,2026-05-15 17:00:16.011616,2026-05-15 17:00:17.970866,0 days 00:00:01.959250,0.7248939743688466,0.05616881503297648,5,35,737,58,0.8887529760462219,,,,,,PRUNED
15,0.26313156578289143,2026-05-15 17:00:17.971101,2026-05-15 17:00:18.929101,0 days 00:00:00.958000,0.7442882111147838,0.06324950245396298,3,50,822,58,0.8633028407457006,0.48,0.0247,0.8051,0.3973,0.8105,COMPLETE
16,,2026-05-15 17:00:18.929330,2026-05-15 17:00:20.004120,0 days 00:00:01.074790,0.7495910822966338,0.061654628965061346,4,50,772,56,0.8559603869474018,,,,,,PRUNED
17,,2026-05-15 17:00:20.004360,2026-05-15 17:00:22.278926,0 days 00:00:02.274566,0.7566575290764276,0.02943794909715663,5,43,603,46,0.795940740497668,,,,,,PRUNED
18,0.25871379479626905,2026-05-15 17:00:22.279150,2026-05-15 17:00:23.701245,0 days 00:00:01.422095,0.8666142557230876,0.02960097329942777,3,46,868,39,0.7607621512096837,0.48,0.0203,0.8035,0.3924,0.812,COMPLETE
19,,2026-05-15 17:00:23.701493,2026-05-15 17:00:24.886103,0 days 00:00:01.184610,0.6760347307832012,0.0634371863316895,4,40,768,59,0.8784442314754786,,,,,,PRUNED
20,,2026-05-15 17:00:24.886401,2026-05-15 17:00:26.903580,0 days 00:00:02.017179,0.7683712617114657,0.06867697193227433,8,50,659,36,0.9471675033043835,,,,,,PRUNED
21,0.25195762321510823,2026-05-15 17:00:26.903823,2026-05-15 17:00:28.042303,0 days 00:00:01.138480,0.6553473048146418,0.053154858497633885,3,37,917,60,0.9370945381966373,0.44,0.1112,0.7987,0.3879,0.8428,COMPLETE
22,0.25970149253731345,2026-05-15 17:00:28.042543,2026-05-15 17:00:29.560403,0 days 00:00:01.517860,0.7166482192409259,0.03463590083607436,3,46,821,54,0.9111996629935674,0.49,0.0321,0.8069,0.3926,0.8043,COMPLETE
23,,2026-05-15 17:00:29.560652,2026-05-15 17:00:31.069121,0 days 00:00:01.508469,0.7249295845858388,0.033023673930179805,4,46,814,54,0.9177821035896214,,,,,,PRUNED
24,0.25920398009950246,2026-05-15 17:00:31.069363,2026-05-15 17:00:32.683563,0 days 00:00:01.614200,0.7153273016380798,0.0342175458099165,3,46,713,48,0.8466964526414431,0.47,0.0879,0.7993,0.3919,0.8028,COMPLETE
25,,2026-05-15 17:00:32.683805,2026-05-15 17:00:35.115919,0 days 00:00:02.432114,0.6576700801445776,0.02407960794343155,4,32,564,56,0.8144098177614996,,,,,,PRUNED
26,0.2657520325203252,2026-05-15 17:00:35.116164,2026-05-15 17:00:36.006011,0 days 00:00:00.889847,0.7417149127789806,0.07220020364833574,3,48,804,43,0.8685877995561365,0.49,0.0198,0.806,0.3997,0.8059,COMPLETE
27,0.2635306019221042,2026-05-15 17:00:36.006247,2026-05-15 17:00:37.375463,0 days 00:00:01.369216,0.7697857720683472,0.08013708084465493,5,39,924,44,0.775874913508635,0.42,0.0534,0.8053,0.3968,0.8028,COMPLETE
28,0.25547445255474455,2026-05-15 17:00:37.375710,2026-05-15 17:00:39.671331,0 days 00:00:02.295621,0.8907495719721414,0.0709300470344859,7,39,880,41,0.7649011048051568,0.36,0.1532,0.7946,0.3883,0.8089,COMPLETE
29,,2026-05-15 17:00:39.671580,2026-05-15 17:00:41.076019,0 days 00:00:01.404439,0.7802457510378616,0.08245710856808489,5,31,919,24,0.7655230686005067,,,,,,PRUNED
30,,2026-05-15 17:00:41.076267,2026-05-15 17:00:42.926338,0 days 00:00:01.850071,0.8390841786446169,0.09670583742848267,7,43,449,36,0.6001048449218851,,,,,,PRUNED
31,0.2579539892315223,2026-05-15 17:00:42.926566,2026-05-15 17:00:44.153917,0 days 00:00:01.227351,0.7476058693260693,0.05096207519505494,3,48,801,50,0.8717879605436192,0.48,0.0134,0.8058,0.3915,0.812,COMPLETE
32,0.26003917727717923,2026-05-15 17:00:44.154173,2026-05-15 17:00:45.542601,0 days 00:00:01.388428,0.608035372586641,0.07765170126614833,4,48,939,45,0.8228234495717834,0.43,0.1287,0.7957,0.3946,0.8182,COMPLETE
33,0.2639237330657301,2026-05-15 17:00:45.542836,2026-05-15 17:00:46.491387,0 days 00:00:00.948551,0.6853201118680332,0.07233003957060541,3,40,713,50,0.7828436536165114,0.48,0.025,0.8047,0.3982,0.8105,COMPLETE
34,,2026-05-15 17:00:46.491634,2026-05-15 17:00:47.899817,0 days 00:00:01.408183,0.7861726775190084,0.07338573376294374,5,41,684,50,0.7807818337980462,,,,,,PRUNED
35,,2026-05-15 17:00:47.900039,2026-05-15 17:00:49.547561,0 days 00:00:01.647522,0.733427152886985,0.08674803619837847,6,38,630,43,0.7320027280800695,,,,,,PRUNED
36,0.2690329218106996,2026-05-15 17:00:49.547799,2026-05-15 17:00:50.824749,0 days 00:00:01.276950,0.8229343155463744,0.060565443745231706,4,43,729,48,0.7249143523144639,0.48,0.0212,0.8046,0.4034,0.8059,COMPLETE
37,,2026-05-15 17:00:50.825075,2026-05-15 17:00:52.054968,0 days 00:00:01.229893,0.823008048869822,0.09588086983241521,5,44,745,38,0.6838412790856493,,,,,,PRUNED
38,,2026-05-15 17:00:52.055212,2026-05-15 17:00:53.282064,0 days 00:00:01.226852,0.8834168678489352,0.05776891911009315,4,16,571,47,0.7359374999082133,,,,,,PRUNED
39,,2026-05-15 17:00:53.282298,2026-05-15 17:00:57.003810,0 days 00:00:03.721512,0.8014799420865396,0.01037995197395602,5,40,723,30,0.6991663356638441,,,,,,PRUNED
40,0.24688509460083063,2026-05-15 17:00:57.004045,2026-05-15 17:00:58.071884,0 days 00:00:01.067839,0.8475442998869306,0.08536976981387381,4,28,687,44,0.7496925001731776,0.42,0.1968,0.7938,0.38,0.8243,COMPLETE
41,0.25925925925925924,2026-05-15 17:00:58.072118,2026-05-15 17:00:59.028986,0 days 00:00:00.956868,0.7852649559862579,0.06547175403575883,3,44,847,51,0.7832287177437339,0.49,0.0365,0.8068,0.3927,0.8089,COMPLETE
42,0.26337033299697277,2026-05-15 17:00:59.029230,2026-05-15 17:00:59.983733,0 days 00:00:00.954503,0.8219639314472231,0.07034332942819792,3,48,898,48,0.8303856289010968,0.49,0.0256,0.8051,0.3968,0.8043,COMPLETE
43,0.26056688214818496,2026-05-15 17:00:59.983988,2026-05-15 17:01:01.102644,0 days 00:00:01.118656,0.8271773800850456,0.07399024136037216,4,48,952,49,0.8280912051072646,0.46,0.0293,0.802,0.394,0.8074,COMPLETE
44,0.2610619469026549,2026-05-15 17:01:01.102940,2026-05-15 17:01:01.891785,0 days 00:00:00.788845,0.8073336123280217,0.09994849772867515,3,44,900,42,0.7972090033759146,0.49,0.024,0.8061,0.3958,0.8182,COMPLETE
45,,2026-05-15 17:01:01.892031,2026-05-15 17:01:04.186152,0 days 00:00:02.294121,0.8639383434063052,0.04639682109261649,6,33,863,46,0.7263567335617382,,,,,,PRUNED
46,0.2583170254403131,2026-05-15 17:01:04.186377,2026-05-15 17:01:05.009380,0 days 00:00:00.823003,0.9369007473144937,0.07755048404320142,3,41,776,40,0.8375120322596852,0.48,0.0163,0.8027,0.3921,0.8136,COMPLETE
47,,2026-05-15 17:01:05.009613,2026-05-15 17:01:06.157020,0 days 00:00:01.147407,0.7686688262848126,0.05907682614406179,4,38,948,52,0.6618121810472227,,,,,,PRUNED
48,0.26134663341645886,2026-05-15 17:01:06.157266,2026-05-15 17:01:07.364182,0 days 00:00:01.206916,0.6710383613553137,0.08888021725314647,4,25,652,34,0.7025787341918014,0.44,0.0712,0.7984,0.3949,0.8074,COMPLETE
49,,2026-05-15 17:01:07.364422,2026-05-15 17:01:08.765274,0 days 00:00:01.400852,0.9083742026776681,0.013125462043123889,3,47,762,48,0.7838353316529133,,,,,,PRUNED
50,0.25792296440760604,2026-05-15 17:01:08.765520,2026-05-15 17:01:10.101941,0 days 00:00:01.336421,0.8088894252172678,0.03811612819957586,3,42,847,44,0.8141192141691316,0.47,0.0497,0.8016,0.3919,0.8151,COMPLETE
51,0.2614087301587302,2026-05-15 17:01:10.102186,2026-05-15 17:01:11.212172,0 days 00:00:01.109986,0.7043569608129572,0.06562163744901453,3,49,823,52,0.8598169297055194,0.47,0.0192,0.8044,0.3955,0.812,COMPLETE
52,0.2553191489361702,2026-05-15 17:01:11.212405,2026-05-15 17:01:12.114766,0 days 00:00:00.902361,0.7417033228523667,0.06843873923407613,3,45,707,61,0.8793398010449973,0.45,0.1264,0.7978,0.3887,0.8136,COMPLETE
53,0.2623612512613522,2026-05-15 17:01:12.114994,2026-05-15 17:01:13.260909,0 days 00:00:01.145915,0.7584434549062421,0.05566861624458567,3,49,791,57,0.8575504146618894,0.48,0.0167,0.8045,0.3953,0.8012,COMPLETE
54,0.2591674925668979,2026-05-15 17:01:13.261149,2026-05-15 17:01:14.284094,0 days 00:00:01.022945,0.7771887623561551,0.07990150492120744,4,50,886,47,0.8945002417159371,0.46,0.0235,0.804,0.3922,0.8059,COMPLETE
55,0.26639344262295084,2026-05-15 17:01:14.284319,2026-05-15 17:01:15.327235,0 days 00:00:01.042916,0.7911942926146399,0.06149206752690757,3,47,961,53,0.749706926979118,0.49,0.0256,0.8048,0.3998,0.8012,COMPLETE
56,0.2567368936795688,2026-05-15 17:01:15.327497,2026-05-15 17:01:16.386873,0 days 00:00:01.059376,0.7935557651954112,0.04983506011362686,3,10,969,52,0.7472974225950906,0.47,0.0963,0.798,0.3896,0.8074,COMPLETE
57,0.26060908637044433,2026-05-15 17:01:16.387121,2026-05-15 17:01:17.406566,0 days 00:00:01.019445,0.8166069611497735,0.06068285994318134,3,42,915,49,0.7167228615206329,0.49,0.0229,0.8063,0.3937,0.8043,COMPLETE
58,0.26102030708271423,2026-05-15 17:01:17.406798,2026-05-15 17:01:18.589305,0 days 00:00:01.182507,0.8444774507825917,0.07154901258265821,4,47,998,45,0.7985545288501705,0.45,0.0361,0.8002,0.3951,0.812,COMPLETE
59,,2026-05-15 17:01:18.589533,2026-05-15 17:01:20.137458,0 days 00:00:01.547925,0.8334768045105501,0.043084629618629404,5,45,973,43,0.7780014077581249,,,,,,PRUNED
60,0.26393110435663625,2026-05-15 17:01:20.137694,2026-05-15 17:01:21.314606,0 days 00:00:01.176912,0.6425129867643463,0.05473264316211425,3,36,931,54,0.6868278087218999,0.5,0.0342,0.8078,0.3973,0.8028,COMPLETE
61,0.2588408644400786,2026-05-15 17:01:21.314873,2026-05-15 17:01:22.512097,0 days 00:00:01.197224,0.628833246805474,0.05437706050820245,3,36,922,54,0.6851557000036694,0.49,0.0357,0.8075,0.3926,0.812,COMPLETE
62,0.2679031427099433,2026-05-15 17:01:22.512342,2026-05-15 17:01:23.597609,0 days 00:00:01.085267,0.648928998931179,0.06667864560404348,3,34,878,53,0.7498617727134627,0.5,0.0355,0.8075,0.4015,0.8012,COMPLETE
63,0.2588001983143282,2026-05-15 17:01:23.597835,2026-05-15 17:01:24.912851,0 days 00:00:01.315016,0.6375412513988905,0.04713655348315864,3,34,845,55,0.7460141034985194,0.49,0.017,0.8058,0.3916,0.8043,COMPLETE
64,0.2661907190209077,2026-05-15 17:01:24.913076,2026-05-15 17:01:26.114935,0 days 00:00:01.201859,0.6490812565810999,0.06243110142107653,3,37,941,53,0.7156338727700225,0.5,0.0394,0.8071,0.4,0.8043,COMPLETE
65,0.26632653061224487,2026-05-15 17:01:26.115179,2026-05-15 17:01:27.253395,0 days 00:00:01.138216,0.6490971721030666,0.06052687053995861,3,30,877,60,0.6418281609092584,0.5,0.0388,0.8069,0.4002,0.8043,COMPLETE
66,0.2597917699553793,2026-05-15 17:01:27.253626,2026-05-15 17:01:28.576246,0 days 00:00:01.322620,0.606939206540878,0.05244089589237618,3,29,955,62,0.6370706152833916,0.49,0.0273,0.8067,0.3931,0.8074,COMPLETE
67,0.25504322766570603,2026-05-15 17:01:28.576495,2026-05-15 17:01:29.713746,0 days 00:00:01.137251,0.647762600094917,0.06152342859170721,3,32,872,58,0.6644439324628233,0.47,0.0298,0.8033,0.3889,0.8182,COMPLETE
68,0.2600297176820208,2026-05-15 17:01:29.714024,2026-05-15 17:01:31.781478,0 days 00:00:02.067454,0.6674334041821591,0.023890068327195115,3,30,1000,57,0.6105603457046697,0.49,0.0293,0.8068,0.3936,0.8089,COMPLETE
69,,2026-05-15 17:01:31.781749,2026-05-15 17:01:33.170043,0 days 00:00:01.388294,0.6209521230706132,0.057527536533442475,4,34,838,59,0.715101003431121,,,,,,PRUNED
70,0.2620724346076459,2026-05-15 17:01:33.170296,2026-05-15 17:01:34.775613,0 days 00:00:01.605317,0.641404092542188,0.04080371961490206,3,25,393,53,0.6699052350397718,0.49,0.0247,0.8057,0.3951,0.8028,COMPLETE
71,0.254694270582571,2026-05-15 17:01:34.775846,2026-05-15 17:01:35.811368,0 days 00:00:01.035522,0.6817809835159871,0.06649322521791197,3,36,894,51,0.6387874735952045,0.45,0.1564,0.7961,0.3881,0.8151,COMPLETE
72,0.2585438335809807,2026-05-15 17:01:35.811609,2026-05-15 17:01:36.890979,0 days 00:00:01.079370,0.6926710916190599,0.0623397582189979,3,37,748,55,0.6919202964331159,0.47,0.0983,0.7997,0.3913,0.8043,COMPLETE
73,0.2564982834722903,2026-05-15 17:01:36.891204,2026-05-15 17:01:37.955794,0 days 00:00:01.064590,0.665577896236831,0.07695970807255899,3,39,790,56,0.6515091207488058,0.46,0.1091,0.7986,0.3891,0.8059,COMPLETE
74,0.25947808961102903,2026-05-15 17:01:37.956033,2026-05-15 17:01:39.306678,0 days 00:00:01.350645,0.6534662330376481,0.053830434571324685,3,34,865,53,0.7555614845460382,0.49,0.0302,0.8065,0.3933,0.812,COMPLETE
75,0.259682224428997,2026-05-15 17:01:39.306917,2026-05-15 17:01:40.636827,0 days 00:00:01.329910,0.623443310971094,0.049245449062789916,3,32,937,60,0.7259215355685866,0.49,0.0197,0.8055,0.3928,0.8059,COMPLETE
76,0.26073926073926074,2026-05-15 17:01:40.637051,2026-05-15 17:01:41.535066,0 days 00:00:00.898015,0.6792125452400047,0.08994016688167471,3,40,975,50,0.741786792973649,0.48,0.0128,0.8024,0.3938,0.8043,COMPLETE
77,,2026-05-15 17:01:41.535291,2026-05-15 17:01:43.132904,0 days 00:00:01.597613,0.7017325849426975,0.03721038513628409,4,36,217,63,0.7077422460129431,,,,,,PRUNED
78,0.2567829457364341,2026-05-15 17:01:43.133120,2026-05-15 17:01:44.529526,0 days 00:00:01.396406,0.6609505990169589,0.07366549848345408,4,38,818,54,0.7693305200688713,0.44,0.123,0.7968,0.3907,0.8166,COMPLETE
79,,2026-05-15 17:01:44.529750,2026-05-15 17:01:47.966912,0 days 00:00:03.437162,0.707014177804642,0.06616065199311127,8,23,906,51,0.6759740014119402,,,,,,PRUNED
80,0.25556631171345595,2026-05-15 17:01:47.967146,2026-05-15 17:01:49.109735,0 days 00:00:01.142589,0.6157163845545257,0.08349961901678023,3,30,515,49,0.6197741027855456,0.45,0.1168,0.7976,0.389,0.8136,COMPLETE
81,,2026-05-15 17:01:49.109963,2026-05-15 17:01:50.555684,0 days 00:00:01.445721,0.635779121818828,0.05762893798332968,4,39,933,46,0.7724165128154498,,,,,,PRUNED
82,,2026-05-15 17:01:50.555961,2026-05-15 17:01:52.675666,0 days 00:00:02.119705,0.6470982829908206,0.0745227912955518,6,41,961,41,0.789210940520168,,,,,,PRUNED
83,0.25334608030592737,2026-05-15 17:01:52.675895,2026-05-15 17:01:53.744421,0 days 00:00:01.068526,0.6006586289673885,0.06917862613328572,3,43,881,38,0.7612666794192516,0.45,0.1387,0.7956,0.3867,0.8166,COMPLETE
84,0.25650916104146576,2026-05-15 17:01:53.744655,2026-05-15 17:01:55.768537,0 days 00:00:02.023882,0.6879549242242274,0.06330842208167534,5,37,920,50,0.7199829237493851,0.43,0.0702,0.8012,0.3907,0.8197,COMPLETE
85,0.2599601593625498,2026-05-15 17:01:55.768780,2026-05-15 17:01:56.584666,0 days 00:00:00.815886,0.7265157069264462,0.09133460098205594,3,33,861,47,0.736106908157807,0.48,0.0606,0.8014,0.3929,0.8043,COMPLETE
86,0.25742092457420923,2026-05-15 17:01:56.584921,2026-05-15 17:01:57.501927,0 days 00:00:00.917006,0.7600439414965673,0.07788352646953559,3,35,833,53,0.6941426157612551,0.47,0.0355,0.8028,0.3913,0.8151,COMPLETE
87,0.2605042016806723,2026-05-15 17:01:57.502202,2026-05-15 17:01:58.609397,0 days 00:00:01.107195,0.7940554412703424,0.08264773709296469,4,39,699,16,0.8084247038379206,0.47,0.0276,0.8049,0.3945,0.812,COMPLETE
88,0.26531645569620255,2026-05-15 17:01:58.609642,2026-05-15 17:01:59.818005,0 days 00:00:01.208363,0.6741750684092407,0.059489393117734025,3,43,934,44,0.7546541615858655,0.5,0.0401,0.8067,0.3994,0.8074,COMPLETE
89,0.25983076157292184,2026-05-15 17:01:59.818244,2026-05-15 17:02:01.076684,0 days 00:00:01.258440,0.6557296086707102,0.059150414001861974,3,45,636,56,0.9639039096507809,0.49,0.0371,0.8062,0.3928,0.8043,COMPLETE
90,0.2601184600197433,2026-05-15 17:02:01.076911,2026-05-15 17:02:02.362038,0 days 00:00:01.285127,0.6737862699786764,0.052058714246617246,3,47,800,48,0.7585979871224158,0.49,0.0237,0.8063,0.394,0.812,COMPLETE
91,0.2533783783783784,2026-05-15 17:02:02.362276,2026-05-15 17:02:03.341546,0 days 00:00:00.979270,0.7746744422163755,0.06414191323005271,3,40,729,44,0.7317111938283575,0.45,0.1521,0.7962,0.3859,0.8089,COMPLETE
92,0.2674897119341564,2026-05-15 17:02:03.341789,2026-05-15 17:02:04.395026,0 days 00:00:01.053237,0.6458557458194137,0.0693393639566331,3,42,940,42,0.7526959937234766,0.5,0.0381,0.8073,0.4011,0.8012,COMPLETE
93,0.26703967446592064,2026-05-15 17:02:04.395269,2026-05-15 17:02:05.425780,0 days 00:00:01.030511,0.6441425889544115,0.06899687636210422,3,42,986,42,0.7533011361556126,0.49,0.028,0.8062,0.4015,0.8089,COMPLETE
94,0.26759116589625065,2026-05-15 17:02:05.426049,2026-05-15 17:02:06.686303,0 days 00:00:01.260254,0.6454965159527205,0.05569502237681528,3,43,980,39,0.7081426882107875,0.5,0.0318,0.8064,0.4014,0.8028,COMPLETE
95,0.25599608418991676,2026-05-15 17:02:06.686530,2026-05-15 17:02:07.863162,0 days 00:00:01.176632,0.6161276014588022,0.06855763064421054,3,44,983,39,0.7422241623573944,0.45,0.1346,0.7964,0.3886,0.8059,COMPLETE
96,0.259861932938856,2026-05-15 17:02:07.863391,2026-05-15 17:02:09.245271,0 days 00:00:01.381880,0.6280099656422633,0.04477309287840871,3,43,955,42,0.7084868317248127,0.49,0.0237,0.8071,0.3937,0.812,COMPLETE
97,0.266359918200409,2026-05-15 17:02:09.245508,2026-05-15 17:02:10.412170,0 days 00:00:01.166662,0.6514575509072432,0.058398438770497565,3,42,981,36,0.7518176755870862,0.5,0.0349,0.8076,0.4,0.8028,COMPLETE
98,0.25922282341367436,2026-05-15 17:02:10.412402,2026-05-15 17:02:11.583469,0 days 00:00:01.171067,0.65286502034013,0.06094027647192385,3,46,976,36,0.7257931312356516,0.47,0.046,0.8035,0.393,0.812,COMPLETE
99,0.261,2026-05-15 17:02:11.583944,2026-05-15 17:02:12.535855,0 days 00:00:00.951911,0.854087289883166,0.0675121069574802,3,41,989,34,0.7354295679575412,0.48,0.0424,0.8007,0.3941,0.8043,COMPLETE
