number,value,datetime_start,datetime_complete,duration,params_bagging_temperature,params_border_count,params_depth,params_iterations,params_l2_leaf_reg,params_learning_rate,params_random_strength,state
0,0.8427179394615646,2026-05-15 02:14:18.170102,2026-05-15 02:14:18.848180,0 days 00:00:00.678078,0.15601864044243652,45,9,500,0.24810409748678114,0.17254716573280354,0.004207053950287938,COMPLETE
1,0.8441452528633783,2026-05-15 02:14:18.848740,2026-05-15 02:14:19.431276,0 days 00:00:00.582536,0.9699098521619943,79,8,893,0.0012087541473056963,0.06054365855469249,2.136832907235876,COMPLETE
2,0.8560478952665376,2026-05-15 02:14:19.431531,2026-05-15 02:14:20.526731,0 days 00:00:01.095200,0.43194501864211576,169,6,345,0.12561043700013563,0.017322667470546258,0.014618962793704969,COMPLETE
3,0.8565265607736318,2026-05-15 02:14:20.526968,2026-05-15 02:14:21.374343,0 days 00:00:00.847375,0.7851759613930136,147,6,311,0.06672367170464209,0.023993242906812717,0.006290644294586149,COMPLETE
4,0.8415024394779735,2026-05-15 02:14:21.374564,2026-05-15 02:14:23.547689,0 days 00:00:02.173125,0.06505159298527952,248,8,674,0.004809461967501573,0.011492999300221412,6.24513957474307,COMPLETE
5,0.8580662077603843,2026-05-15 02:14:23.547902,2026-05-15 02:14:24.824797,0 days 00:00:01.276895,0.4401524937396013,142,4,847,0.5456725485601478,0.02490643969382439,0.003077180271250686,COMPLETE
6,0.8547449487490838,2026-05-15 02:14:24.825021,2026-05-15 02:14:25.287103,0 days 00:00:00.462082,0.31171107608941095,154,5,227,0.44677528179739073,0.15242391728466365,0.12030178871154672,COMPLETE
7,0.8514139126820037,2026-05-15 02:14:25.287328,2026-05-15 02:14:26.123942,0 days 00:00:00.836614,0.8948273504276488,238,9,348,5.727904470799624,0.18258230439200232,0.24637685958997463,COMPLETE
8,0.8568218552065898,2026-05-15 02:14:26.124176,2026-05-15 02:14:27.405415,0 days 00:00:01.281239,0.388677289689482,217,4,270,0.02001342062287998,0.017987863473362915,0.01217295809836997,COMPLETE
9,0.8376314774703816,2026-05-15 02:14:27.405650,2026-05-15 02:14:28.214124,0 days 00:00:00.808474,0.8021969807540397,253,7,485,0.003661819220392431,0.023200867504756816,0.0019870215385428634,COMPLETE
10,0.8585333869362126,2026-05-15 02:14:28.214351,2026-05-15 02:14:29.077449,0 days 00:00:00.863098,0.6400885024675562,105,4,982,3.033713464539809,0.053343533692271954,0.042239176219265706,COMPLETE
11,0.8584710325664838,2026-05-15 02:14:29.077692,2026-05-15 02:14:29.874985,0 days 00:00:00.797293,0.617454472993021,97,4,985,2.7271326003577623,0.05156911709595948,0.052166826535988815,COMPLETE
12,0.8585519154824806,2026-05-15 02:14:29.875208,2026-05-15 02:14:30.588226,0 days 00:00:00.713018,0.6525898752936657,97,4,996,9.821464149160903,0.05896703079158267,0.03551213771944444,COMPLETE
13,0.8575653900429918,2026-05-15 02:14:30.588463,2026-05-15 02:14:31.060701,0 days 00:00:00.472238,0.6913412129037293,108,5,752,9.259024479770856,0.10091557450479287,0.04118307566698297,COMPLETE
14,0.8589600904685329,2026-05-15 02:14:31.060939,2026-05-15 02:14:31.667276,0 days 00:00:00.606337,0.5908077985215608,51,5,993,1.4649682502152033,0.07589003839807723,0.45042834710787105,COMPLETE
15,0.8597464939341232,2026-05-15 02:14:31.667506,2026-05-15 02:14:32.215125,0 days 00:00:00.547619,0.5236869196420915,37,5,823,1.4054120965402346,0.08903012950316426,0.5579812329080549,COMPLETE
16,0.8556510014986927,2026-05-15 02:14:32.215345,2026-05-15 02:14:32.725848,0 days 00:00:00.510503,0.266525898201904,34,6,830,1.0811808531187468,0.10660290908929818,0.6023449723788307,COMPLETE
17,0.8583094034765295,2026-05-15 02:14:32.726091,2026-05-15 02:14:33.414297,0 days 00:00:00.688206,0.5209104076216468,61,5,731,1.5346439219996892,0.08526844184926073,0.8484640244158705,COMPLETE
18,0.8495527167908284,2026-05-15 02:14:33.414539,2026-05-15 02:14:34.453089,0 days 00:00:01.038550,0.5315864914265246,63,7,588,0.0867685304004013,0.03651323960052657,7.723460393679794,COMPLETE
19,0.8500871046787656,2026-05-15 02:14:34.453318,2026-05-15 02:14:35.831163,0 days 00:00:01.377845,0.26914670887944914,190,10,893,0.8703617253913869,0.03702917556373974,0.37272602897396717,COMPLETE
20,0.855830201940643,2026-05-15 02:14:35.831402,2026-05-15 02:14:36.516249,0 days 00:00:00.684847,0.7701899584816609,33,5,799,0.027715121576007008,0.08175239522365661,1.7572283038510697,COMPLETE
21,0.8579517546738429,2026-05-15 02:14:36.516485,2026-05-15 02:14:37.150491,0 days 00:00:00.634006,0.5842851502597326,78,5,993,4.287705194421426,0.06928782512872882,0.10183469133522599,COMPLETE
22,0.854889895310295,2026-05-15 02:14:37.150718,2026-05-15 02:14:37.634954,0 days 00:00:00.484236,0.6604154608056299,120,6,916,1.773634409449318,0.12673775766682774,0.20902146985913395,COMPLETE
23,0.858104632273309,2026-05-15 02:14:37.635213,2026-05-15 02:14:38.526116,0 days 00:00:00.890903,0.721911054502845,56,4,926,9.798170606646936,0.07817330203218767,1.5059863513309546,COMPLETE
24,0.8583638951790228,2026-05-15 02:14:38.526339,2026-05-15 02:14:39.255786,0 days 00:00:00.729447,0.5533636029557192,83,5,644,0.2594442163669746,0.04254576171666571,0.020883584852723146,COMPLETE
25,0.8560191110673536,2026-05-15 02:14:39.256008,2026-05-15 02:14:39.981696,0 days 00:00:00.725688,0.47063092241823423,124,6,784,4.919404769411926,0.10559749959384908,3.5272084021281462,COMPLETE
26,0.8583063951516743,2026-05-15 02:14:39.981935,2026-05-15 02:14:40.741097,0 days 00:00:00.759162,0.3606445241280038,52,4,943,1.9001272114358199,0.06337812237458258,0.814610895809603,COMPLETE
27,0.8570079611215036,2026-05-15 02:14:40.741335,2026-05-15 02:14:41.246594,0 days 00:00:00.505259,0.725161549699414,74,5,849,0.6106527073108615,0.12734313406162723,0.3797887583825329,COMPLETE
28,0.8580376970452781,2026-05-15 02:14:41.246828,2026-05-15 02:14:42.109555,0 days 00:00:00.862727,0.8450536905640713,96,4,871,0.32505804153560497,0.03164315552465701,0.13562420336924885,COMPLETE
29,0.8546361704571559,2026-05-15 02:14:42.109797,2026-05-15 02:14:42.686120,0 days 00:00:00.576323,0.12342092511977298,46,7,512,0.1347469306883726,0.048496172566047026,0.06431932356999313,COMPLETE
30,0.8501510315819413,2026-05-15 02:14:42.686351,2026-05-15 02:14:43.129368,0 days 00:00:00.443017,0.5850857275182608,41,8,1000,1.0077372303448233,0.12743365470450332,0.001002417059933001,COMPLETE
31,0.8574545606204806,2026-05-15 02:14:43.129615,2026-05-15 02:14:44.028122,0 days 00:00:00.898507,0.6409514159174631,93,4,960,3.2417388217544154,0.055917002828090936,0.026979987468263685,COMPLETE
32,0.858207667399604,2026-05-15 02:14:44.028676,2026-05-15 02:14:44.772172,0 days 00:00:00.743496,0.5086908870385349,126,4,938,6.7459386884139025,0.07015465440038483,0.07468891879125798,COMPLETE
33,0.8586319779462439,2026-05-15 02:14:44.772420,2026-05-15 02:14:45.617043,0 days 00:00:00.844623,0.9465419492444492,67,5,891,2.8237513700491674,0.057861712616355816,0.008253133183354463,COMPLETE
34,0.8553628860227757,2026-05-15 02:14:45.617366,2026-05-15 02:14:46.331614,0 days 00:00:00.714248,0.9869645345201257,66,6,895,2.2020760106283017,0.09022847981982295,0.009257294331528818,COMPLETE
35,0.8575956784046033,2026-05-15 02:14:46.331941,2026-05-15 02:14:47.080541,0 days 00:00:00.748600,0.9358720958537223,49,5,794,0.17269779256002474,0.06967890649270345,0.006977804884680562,COMPLETE
36,0.8569912785927604,2026-05-15 02:14:47.080883,2026-05-15 02:14:48.020067,0 days 00:00:00.939184,0.8323262730614808,84,6,716,1.2677895128998178,0.04238150705517717,0.004765594585533127,COMPLETE
37,0.857349542734622,2026-05-15 02:14:48.020296,2026-05-15 02:14:48.688032,0 days 00:00:00.667736,0.4109280191855124,68,5,834,4.440770097661782,0.057431351971985935,0.02609463023429891,COMPLETE
38,0.8556316525001915,2026-05-15 02:14:48.688268,2026-05-15 02:14:49.541677,0 days 00:00:00.853409,0.8701843425869177,32,6,882,0.7088332045908119,0.030153855426664707,0.18355911166512126,COMPLETE
39,0.8579661809589446,2026-05-15 02:14:49.541925,2026-05-15 02:14:52.854613,0 days 00:00:03.312688,0.7535574303683681,46,5,685,9.966903764181527,0.01049713127632179,2.9495872275824517,COMPLETE
40,0.8484972733637447,2026-05-15 02:14:52.854944,2026-05-15 02:14:53.393024,0 days 00:00:00.538080,0.4611027169071431,167,8,951,0.04244146242814266,0.09456709844699832,0.015858538337100495,COMPLETE
41,0.858365330970431,2026-05-15 02:14:53.393240,2026-05-15 02:14:54.081779,0 days 00:00:00.688539,0.6580982476506376,104,4,970,3.4707219785079375,0.06127565466167369,0.03320371944228071,COMPLETE
42,0.8596296478619014,2026-05-15 02:14:54.082021,2026-05-15 02:14:55.055255,0 days 00:00:00.973234,0.5995982882170579,109,4,916,2.679278451475209,0.04978732649959145,0.45419150885448256,COMPLETE
43,0.8586013477295351,2026-05-15 02:14:55.055483,2026-05-15 02:14:55.675472,0 days 00:00:00.619989,0.5830228995437822,133,4,909,6.267856549328572,0.07545153420445257,0.35624981898386254,COMPLETE
44,0.8575375630380799,2026-05-15 02:14:55.675704,2026-05-15 02:14:56.152336,0 days 00:00:00.476632,0.34080121137392805,143,5,911,2.1074219581892693,0.19918126098793368,0.440698318281899,COMPLETE
45,0.8580066566024527,2026-05-15 02:14:56.152579,2026-05-15 02:14:57.204656,0 days 00:00:01.052077,0.004069232418913271,137,4,849,0.38293818435299204,0.045512439429726985,1.293151769403089,COMPLETE
46,0.8579377386148579,2026-05-15 02:14:57.204887,2026-05-15 02:14:57.855398,0 days 00:00:00.650511,0.2089211423656041,158,4,421,0.0014777880758638662,0.07067218992948976,0.27562042637288736,COMPLETE
47,0.857260660409351,2026-05-15 02:14:57.855630,2026-05-15 02:14:58.366412,0 days 00:00:00.510782,0.5957954567272136,115,5,769,5.962439077654959,0.15055688308379264,0.8663079833324718,COMPLETE
48,0.8592013034251146,2026-05-15 02:14:58.366663,2026-05-15 02:14:59.010901,0 days 00:00:00.644238,0.9359862419928603,132,4,813,0.012339555238778263,0.07764505107086087,0.6637601441906819,COMPLETE
49,0.8558707459551704,2026-05-15 02:14:59.011159,2026-05-15 02:15:00.978579,0 days 00:00:01.967420,0.9395362287796416,89,6,826,0.010689528856967079,0.014245268455895747,4.603571635478655,COMPLETE
